This file contains any messages produced by compilers while
running configure, to aid debugging if configure makes a mistake.

It was created by CUPS configure 2.4.0, which was
generated by GNU Autoconf 2.71.  Invocation command line was

  $ ./configure

## --------- ##
## Platform. ##
## --------- ##

hostname = rishabh
uname -m = x86_64
uname -r = 5.11.0-43-generic
uname -s = Linux
uname -v = #47~20.04.2-Ubuntu SMP Mon Dec 13 11:06:56 UTC 2021

/usr/bin/uname -p = x86_64
/bin/uname -X     = unknown

/bin/arch              = x86_64
/usr/bin/arch -k       = unknown
/usr/convex/getsysinfo = unknown
/usr/bin/hostinfo      = unknown
/bin/machine           = unknown
/usr/bin/oslevel       = unknown
/bin/universe          = unknown

PATH: /opt/ros/noetic/bin/
PATH: /home/rishabh/anaconda3/condabin/
PATH: /usr/local/sbin/
PATH: /usr/local/bin/
PATH: /usr/sbin/
PATH: /usr/bin/
PATH: /sbin/
PATH: /bin/
PATH: /usr/games/
PATH: /usr/local/games/
PATH: /snap/bin/


## ----------- ##
## Core tests. ##
## ----------- ##

configure:2928: looking for aux files: config.guess config.sub
configure:2941:  trying ./
configure:2970:   ./config.guess found
configure:2970:   ./config.sub found
configure:3092: checking build system type
configure:3107: result: x86_64-unknown-linux-gnu
configure:3127: checking host system type
configure:3141: result: x86_64-unknown-linux-gnu
configure:3190: checking for codesign
configure:3228: result: no
configure:3190: checking for true
configure:3213: found /usr/bin/true
configure:3225: result: /usr/bin/true
configure:3274: checking for gawk
configure:3295: found /usr/bin/gawk
configure:3306: result: gawk
configure:3379: checking for gcc
configure:3400: found /usr/bin/gcc
configure:3411: result: gcc
configure:3764: checking for C compiler version
configure:3773: gcc --version >&5
gcc (Ubuntu 9.3.0-17ubuntu1~20.04) 9.3.0
Copyright (C) 2019 Free Software Foundation, Inc.
This is free software; see the source for copying conditions.  There is NO
warranty; not even for MERCHANTABILITY or FITNESS FOR A PARTICULAR PURPOSE.

configure:3784: $? = 0
configure:3773: gcc -v >&5
Using built-in specs.
COLLECT_GCC=gcc
COLLECT_LTO_WRAPPER=/usr/lib/gcc/x86_64-linux-gnu/9/lto-wrapper
OFFLOAD_TARGET_NAMES=nvptx-none:hsa
OFFLOAD_TARGET_DEFAULT=1
Target: x86_64-linux-gnu
Configured with: ../src/configure -v --with-pkgversion='Ubuntu 9.3.0-17ubuntu1~20.04' --with-bugurl=file:///usr/share/doc/gcc-9/README.Bugs --enable-languages=c,ada,c++,go,brig,d,fortran,objc,obj-c++,gm2 --prefix=/usr --with-gcc-major-version-only --program-suffix=-9 --program-prefix=x86_64-linux-gnu- --enable-shared --enable-linker-build-id --libexecdir=/usr/lib --without-included-gettext --enable-threads=posix --libdir=/usr/lib --enable-nls --enable-clocale=gnu --enable-libstdcxx-debug --enable-libstdcxx-time=yes --with-default-libstdcxx-abi=new --enable-gnu-unique-object --disable-vtable-verify --enable-plugin --enable-default-pie --with-system-zlib --with-target-system-zlib=auto --enable-objc-gc=auto --enable-multiarch --disable-werror --with-arch-32=i686 --with-abi=m64 --with-multilib-list=m32,m64,mx32 --enable-multilib --with-tune=generic --enable-offload-targets=nvptx-none=/build/gcc-9-HskZEa/gcc-9-9.3.0/debian/tmp-nvptx/usr,hsa --without-cuda-driver --enable-checking=release --build=x86_64-linux-gnu --host=x86_64-linux-gnu --target=x86_64-linux-gnu
Thread model: posix
gcc version 9.3.0 (Ubuntu 9.3.0-17ubuntu1~20.04) 
configure:3784: $? = 0
configure:3773: gcc -V >&5
gcc: error: unrecognized command line option '-V'
gcc: fatal error: no input files
compilation terminated.
configure:3784: $? = 1
configure:3773: gcc -qversion >&5
gcc: error: unrecognized command line option '-qversion'; did you mean '--version'?
gcc: fatal error: no input files
compilation terminated.
configure:3784: $? = 1
configure:3773: gcc -version >&5
gcc: error: unrecognized command line option '-version'
gcc: fatal error: no input files
compilation terminated.
configure:3784: $? = 1
configure:3804: checking whether the C compiler works
configure:3826: gcc    conftest.c  >&5
configure:3830: $? = 0
configure:3880: result: yes
configure:3883: checking for C compiler default output file name
configure:3885: result: a.out
configure:3891: checking for suffix of executables
configure:3898: gcc -o conftest    conftest.c  >&5
configure:3902: $? = 0
configure:3925: result: 
configure:3947: checking whether we are cross compiling
configure:3955: gcc -o conftest    conftest.c  >&5
configure:3959: $? = 0
configure:3966: ./conftest
configure:3970: $? = 0
configure:3958: result: no
configure:3963: checking for suffix of object files
configure:3986: gcc -c   conftest.c >&5
configure:3990: $? = 0
configure:4012: result: o
configure:4016: checking whether the compiler supports GNU C
configure:4036: gcc -c   conftest.c >&5
configure:4036: $? = 0
configure:4046: result: yes
configure:4057: checking whether gcc accepts -g
configure:4078: gcc -c -g  conftest.c >&5
configure:4078: $? = 0
configure:4122: result: yes
configure:4142: checking for gcc option to enable C11 features
configure:4157: gcc  -c   conftest.c >&5
configure:4157: $? = 0
configure:4175: result: none needed
configure:4290: checking how to run the C preprocessor
configure:4316: gcc -E  conftest.c
configure:4316: $? = 0
configure:4331: gcc -E  conftest.c
conftest.c:11:10: fatal error: ac_nonexistent.h: No such file or directory
   11 | #include <ac_nonexistent.h>
      |          ^~~~~~~~~~~~~~~~~~
compilation terminated.
configure:4331: $? = 1
configure: failed program was:
| /* confdefs.h */
| #define PACKAGE_NAME "CUPS"
| #define PACKAGE_TARNAME "cups"
| #define PACKAGE_VERSION "2.4.0"
| #define PACKAGE_STRING "CUPS 2.4.0"
| #define PACKAGE_BUGREPORT "https://github.com/openprinting/cups/issues"
| #define PACKAGE_URL "https://openprinting.github.io/cups"
| #define CUPS_SVERSION "CUPS v2.4.0"
| #define CUPS_MINIMAL "CUPS/2.4.0"
| /* end confdefs.h.  */
| #include <ac_nonexistent.h>
configure:4358: result: gcc -E
configure:4372: gcc -E  conftest.c
configure:4372: $? = 0
configure:4387: gcc -E  conftest.c
conftest.c:11:10: fatal error: ac_nonexistent.h: No such file or directory
   11 | #include <ac_nonexistent.h>
      |          ^~~~~~~~~~~~~~~~~~
compilation terminated.
configure:4387: $? = 1
configure: failed program was:
| /* confdefs.h */
| #define PACKAGE_NAME "CUPS"
| #define PACKAGE_TARNAME "cups"
| #define PACKAGE_VERSION "2.4.0"
| #define PACKAGE_STRING "CUPS 2.4.0"
| #define PACKAGE_BUGREPORT "https://github.com/openprinting/cups/issues"
| #define PACKAGE_URL "https://openprinting.github.io/cups"
| #define CUPS_SVERSION "CUPS v2.4.0"
| #define CUPS_MINIMAL "CUPS/2.4.0"
| /* end confdefs.h.  */
| #include <ac_nonexistent.h>
configure:4486: checking for g++
configure:4507: found /usr/bin/g++
configure:4518: result: g++
configure:4545: checking for C++ compiler version
configure:4554: g++ --version >&5
g++ (Ubuntu 9.3.0-17ubuntu1~20.04) 9.3.0
Copyright (C) 2019 Free Software Foundation, Inc.
This is free software; see the source for copying conditions.  There is NO
warranty; not even for MERCHANTABILITY or FITNESS FOR A PARTICULAR PURPOSE.

configure:4565: $? = 0
configure:4554: g++ -v >&5
Using built-in specs.
COLLECT_GCC=g++
COLLECT_LTO_WRAPPER=/usr/lib/gcc/x86_64-linux-gnu/9/lto-wrapper
OFFLOAD_TARGET_NAMES=nvptx-none:hsa
OFFLOAD_TARGET_DEFAULT=1
Target: x86_64-linux-gnu
Configured with: ../src/configure -v --with-pkgversion='Ubuntu 9.3.0-17ubuntu1~20.04' --with-bugurl=file:///usr/share/doc/gcc-9/README.Bugs --enable-languages=c,ada,c++,go,brig,d,fortran,objc,obj-c++,gm2 --prefix=/usr --with-gcc-major-version-only --program-suffix=-9 --program-prefix=x86_64-linux-gnu- --enable-shared --enable-linker-build-id --libexecdir=/usr/lib --without-included-gettext --enable-threads=posix --libdir=/usr/lib --enable-nls --enable-clocale=gnu --enable-libstdcxx-debug --enable-libstdcxx-time=yes --with-default-libstdcxx-abi=new --enable-gnu-unique-object --disable-vtable-verify --enable-plugin --enable-default-pie --with-system-zlib --with-target-system-zlib=auto --enable-objc-gc=auto --enable-multiarch --disable-werror --with-arch-32=i686 --with-abi=m64 --with-multilib-list=m32,m64,mx32 --enable-multilib --with-tune=generic --enable-offload-targets=nvptx-none=/build/gcc-9-HskZEa/gcc-9-9.3.0/debian/tmp-nvptx/usr,hsa --without-cuda-driver --enable-checking=release --build=x86_64-linux-gnu --host=x86_64-linux-gnu --target=x86_64-linux-gnu
Thread model: posix
gcc version 9.3.0 (Ubuntu 9.3.0-17ubuntu1~20.04) 
configure:4565: $? = 0
configure:4554: g++ -V >&5
g++: error: unrecognized command line option '-V'
g++: fatal error: no input files
compilation terminated.
configure:4565: $? = 1
configure:4554: g++ -qversion >&5
g++: error: unrecognized command line option '-qversion'; did you mean '--version'?
g++: fatal error: no input files
compilation terminated.
configure:4565: $? = 1
configure:4569: checking whether the compiler supports GNU C++
configure:4589: g++ -c   conftest.cpp >&5
configure:4589: $? = 0
configure:4599: result: yes
configure:4610: checking whether g++ accepts -g
configure:4631: g++ -c -g  conftest.cpp >&5
configure:4631: $? = 0
configure:4675: result: yes
configure:4695: checking for g++ option to enable C++11 features
configure:4710: g++  -c   conftest.cpp >&5
configure:4710: $? = 0
configure:4728: result: none needed
configure:4840: checking for ranlib
configure:4861: found /usr/bin/ranlib
configure:4872: result: ranlib
configure:4896: checking for ar
configure:4919: found /usr/bin/ar
configure:4931: result: /usr/bin/ar
configure:4941: checking for chmod
configure:4964: found /usr/bin/chmod
configure:4976: result: /usr/bin/chmod
configure:4986: checking for gzip
configure:5009: found /usr/bin/gzip
configure:5021: result: /usr/bin/gzip
configure:5029: checking for install-sh script
configure:5033: result: using /home/rishabh/openPrinting/cups/install-sh
configure:5037: checking for ld
configure:5060: found /usr/bin/ld
configure:5072: result: /usr/bin/ld
configure:5082: checking for ln
configure:5105: found /usr/bin/ln
configure:5117: result: /usr/bin/ln
configure:5127: checking for mkdir
configure:5150: found /usr/bin/mkdir
configure:5162: result: /usr/bin/mkdir
configure:5172: checking for mv
configure:5195: found /usr/bin/mv
configure:5207: result: /usr/bin/mv
configure:5217: checking for rm
configure:5240: found /usr/bin/rm
configure:5252: result: /usr/bin/rm
configure:5262: checking for rmdir
configure:5285: found /usr/bin/rmdir
configure:5297: result: /usr/bin/rmdir
configure:5307: checking for sed
configure:5330: found /usr/bin/sed
configure:5342: result: /usr/bin/sed
configure:5352: checking for xdg-open
configure:5375: found /usr/bin/xdg-open
configure:5387: result: /usr/bin/xdg-open
configure:5491: checking for pkg-config
configure:5514: found /usr/bin/pkg-config
configure:5526: result: /usr/bin/pkg-config
configure:5558: checking for library containing abs
configure:5588: gcc -o conftest    conftest.c  >&5
conftest.c:15:6: warning: conflicting types for built-in function 'abs'; expected 'int(int)' [-Wbuiltin-declaration-mismatch]
   15 | char abs ();
      |      ^~~
conftest.c:1:1: note: 'abs' is declared in header '<stdlib.h>'
    1 | /* confdefs.h */
configure:5588: $? = 0
configure:5608: result: none required
configure:5618: checking for library containing crypt
configure:5648: gcc -o conftest    conftest.c  >&5
/usr/bin/ld: /tmp/ccQREAM6.o: in function `main':
conftest.c:(.text+0xe): undefined reference to `crypt'
collect2: error: ld returned 1 exit status
configure:5648: $? = 1
configure: failed program was:
| /* confdefs.h */
| #define PACKAGE_NAME "CUPS"
| #define PACKAGE_TARNAME "cups"
| #define PACKAGE_VERSION "2.4.0"
| #define PACKAGE_STRING "CUPS 2.4.0"
| #define PACKAGE_BUGREPORT "https://github.com/openprinting/cups/issues"
| #define PACKAGE_URL "https://openprinting.github.io/cups"
| #define CUPS_SVERSION "CUPS v2.4.0"
| #define CUPS_MINIMAL "CUPS/2.4.0"
| #define HAVE_ABS 1
| /* end confdefs.h.  */
| 
| /* Override any GCC internal prototype to avoid an error.
|    Use char because int might match the return type of a GCC
|    builtin and then its argument prototype would still apply.  */
| char crypt ();
| int
| main (void)
| {
| return crypt ();
|   ;
|   return 0;
| }
configure:5648: gcc -o conftest    conftest.c -lcrypt   >&5
configure:5648: $? = 0
configure:5668: result: -lcrypt
configure:5677: checking for library containing fmod
configure:5707: gcc -o conftest    conftest.c -lcrypt  >&5
conftest.c:16:6: warning: conflicting types for built-in function 'fmod'; expected 'double(double,  double)' [-Wbuiltin-declaration-mismatch]
   16 | char fmod ();
      |      ^~~~
conftest.c:1:1: note: 'fmod' is declared in header '<math.h>'
    1 | /* confdefs.h */
/usr/bin/ld: /tmp/ccninnDX.o: in function `main':
conftest.c:(.text+0xe): undefined reference to `fmod'
collect2: error: ld returned 1 exit status
configure:5707: $? = 1
configure: failed program was:
| /* confdefs.h */
| #define PACKAGE_NAME "CUPS"
| #define PACKAGE_TARNAME "cups"
| #define PACKAGE_VERSION "2.4.0"
| #define PACKAGE_STRING "CUPS 2.4.0"
| #define PACKAGE_BUGREPORT "https://github.com/openprinting/cups/issues"
| #define PACKAGE_URL "https://openprinting.github.io/cups"
| #define CUPS_SVERSION "CUPS v2.4.0"
| #define CUPS_MINIMAL "CUPS/2.4.0"
| #define HAVE_ABS 1
| /* end confdefs.h.  */
| 
| /* Override any GCC internal prototype to avoid an error.
|    Use char because int might match the return type of a GCC
|    builtin and then its argument prototype would still apply.  */
| char fmod ();
| int
| main (void)
| {
| return fmod ();
|   ;
|   return 0;
| }
configure:5707: gcc -o conftest    conftest.c -lm  -lcrypt  >&5
conftest.c:16:6: warning: conflicting types for built-in function 'fmod'; expected 'double(double,  double)' [-Wbuiltin-declaration-mismatch]
   16 | char fmod ();
      |      ^~~~
conftest.c:1:1: note: 'fmod' is declared in header '<math.h>'
    1 | /* confdefs.h */
configure:5707: $? = 0
configure:5727: result: -lm
configure:5736: checking for library containing getspent
configure:5766: gcc -o conftest    conftest.c -lm -lcrypt  >&5
configure:5766: $? = 0
configure:5786: result: none required
configure:5947: checking for stdio.h
configure:5947: gcc -c   conftest.c >&5
configure:5947: $? = 0
configure:5947: result: yes
configure:5947: checking for stdlib.h
configure:5947: gcc -c   conftest.c >&5
configure:5947: $? = 0
configure:5947: result: yes
configure:5947: checking for string.h
configure:5947: gcc -c   conftest.c >&5
configure:5947: $? = 0
configure:5947: result: yes
configure:5947: checking for inttypes.h
configure:5947: gcc -c   conftest.c >&5
configure:5947: $? = 0
configure:5947: result: yes
configure:5947: checking for stdint.h
configure:5947: gcc -c   conftest.c >&5
configure:5947: $? = 0
configure:5947: result: yes
configure:5947: checking for strings.h
configure:5947: gcc -c   conftest.c >&5
configure:5947: $? = 0
configure:5947: result: yes
configure:5947: checking for sys/stat.h
configure:5947: gcc -c   conftest.c >&5
configure:5947: $? = 0
configure:5947: result: yes
configure:5947: checking for sys/types.h
configure:5947: gcc -c   conftest.c >&5
configure:5947: $? = 0
configure:5947: result: yes
configure:5947: checking for unistd.h
configure:5947: gcc -c   conftest.c >&5
configure:5947: $? = 0
configure:5947: result: yes
configure:5972: checking for crypt.h
configure:5972: gcc -c   conftest.c >&5
configure:5972: $? = 0
configure:5972: result: yes
configure:5980: checking for langinfo.h
configure:5980: gcc -c   conftest.c >&5
configure:5980: $? = 0
configure:5980: result: yes
configure:5988: checking for malloc.h
configure:5988: gcc -c   conftest.c >&5
configure:5988: $? = 0
configure:5988: result: yes
configure:5996: checking for shadow.h
configure:5996: gcc -c   conftest.c >&5
configure:5996: $? = 0
configure:5996: result: yes
configure:6004: checking for stdint.h
configure:6004: result: yes
configure:6012: checking for sys/ioctl.h
configure:6012: gcc -c   conftest.c >&5
configure:6012: $? = 0
configure:6012: result: yes
configure:6020: checking for sys/param.h
configure:6020: gcc -c   conftest.c >&5
configure:6020: $? = 0
configure:6020: result: yes
configure:6028: checking for sys/ucred.h
configure:6028: gcc -c   conftest.c >&5
conftest.c:57:10: fatal error: sys/ucred.h: No such file or directory
   57 | #include <sys/ucred.h>
      |          ^~~~~~~~~~~~~
compilation terminated.
configure:6028: $? = 1
configure: failed program was:
| /* confdefs.h */
| #define PACKAGE_NAME "CUPS"
| #define PACKAGE_TARNAME "cups"
| #define PACKAGE_VERSION "2.4.0"
| #define PACKAGE_STRING "CUPS 2.4.0"
| #define PACKAGE_BUGREPORT "https://github.com/openprinting/cups/issues"
| #define PACKAGE_URL "https://openprinting.github.io/cups"
| #define CUPS_SVERSION "CUPS v2.4.0"
| #define CUPS_MINIMAL "CUPS/2.4.0"
| #define HAVE_ABS 1
| #define HAVE_STDIO_H 1
| #define HAVE_STDLIB_H 1
| #define HAVE_STRING_H 1
| #define HAVE_INTTYPES_H 1
| #define HAVE_STDINT_H 1
| #define HAVE_STRINGS_H 1
| #define HAVE_SYS_STAT_H 1
| #define HAVE_SYS_TYPES_H 1
| #define HAVE_UNISTD_H 1
| #define STDC_HEADERS 1
| #define HAVE_CRYPT_H 1
| #define HAVE_LANGINFO_H 1
| #define HAVE_MALLOC_H 1
| #define HAVE_SHADOW_H 1
| #define HAVE_STDINT_H 1
| #define HAVE_SYS_IOCTL_H 1
| #define HAVE_SYS_PARAM_H 1
| /* end confdefs.h.  */
| #include <stddef.h>
| #ifdef HAVE_STDIO_H
| # include <stdio.h>
| #endif
| #ifdef HAVE_STDLIB_H
| # include <stdlib.h>
| #endif
| #ifdef HAVE_STRING_H
| # include <string.h>
| #endif
| #ifdef HAVE_INTTYPES_H
| # include <inttypes.h>
| #endif
| #ifdef HAVE_STDINT_H
| # include <stdint.h>
| #endif
| #ifdef HAVE_STRINGS_H
| # include <strings.h>
| #endif
| #ifdef HAVE_SYS_TYPES_H
| # include <sys/types.h>
| #endif
| #ifdef HAVE_SYS_STAT_H
| # include <sys/stat.h>
| #endif
| #ifdef HAVE_UNISTD_H
| # include <unistd.h>
| #endif
| #include <sys/ucred.h>
configure:6028: result: no
configure:6037: checking for iconv.h
configure:6037: gcc -c   conftest.c >&5
configure:6037: $? = 0
configure:6037: result: yes
configure:6043: checking for library containing iconv_open
configure:6073: gcc -o conftest    conftest.c  >&5
configure:6073: $? = 0
configure:6093: result: none required
configure:6107: checking for library containing libiconv_open
configure:6137: gcc -o conftest    conftest.c  >&5
/usr/bin/ld: /tmp/ccaD9awR.o: in function `main':
conftest.c:(.text+0xe): undefined reference to `libiconv_open'
collect2: error: ld returned 1 exit status
configure:6137: $? = 1
configure: failed program was:
| /* confdefs.h */
| #define PACKAGE_NAME "CUPS"
| #define PACKAGE_TARNAME "cups"
| #define PACKAGE_VERSION "2.4.0"
| #define PACKAGE_STRING "CUPS 2.4.0"
| #define PACKAGE_BUGREPORT "https://github.com/openprinting/cups/issues"
| #define PACKAGE_URL "https://openprinting.github.io/cups"
| #define CUPS_SVERSION "CUPS v2.4.0"
| #define CUPS_MINIMAL "CUPS/2.4.0"
| #define HAVE_ABS 1
| #define HAVE_STDIO_H 1
| #define HAVE_STDLIB_H 1
| #define HAVE_STRING_H 1
| #define HAVE_INTTYPES_H 1
| #define HAVE_STDINT_H 1
| #define HAVE_STRINGS_H 1
| #define HAVE_SYS_STAT_H 1
| #define HAVE_SYS_TYPES_H 1
| #define HAVE_UNISTD_H 1
| #define STDC_HEADERS 1
| #define HAVE_CRYPT_H 1
| #define HAVE_LANGINFO_H 1
| #define HAVE_MALLOC_H 1
| #define HAVE_SHADOW_H 1
| #define HAVE_STDINT_H 1
| #define HAVE_SYS_IOCTL_H 1
| #define HAVE_SYS_PARAM_H 1
| #define HAVE_ICONV_H 1
| /* end confdefs.h.  */
| 
| /* Override any GCC internal prototype to avoid an error.
|    Use char because int might match the return type of a GCC
|    builtin and then its argument prototype would still apply.  */
| char libiconv_open ();
| int
| main (void)
| {
| return libiconv_open ();
|   ;
|   return 0;
| }
configure:6137: gcc -o conftest    conftest.c -liconv   >&5
/usr/bin/ld: cannot find -liconv
collect2: error: ld returned 1 exit status
configure:6137: $? = 1
configure: failed program was:
| /* confdefs.h */
| #define PACKAGE_NAME "CUPS"
| #define PACKAGE_TARNAME "cups"
| #define PACKAGE_VERSION "2.4.0"
| #define PACKAGE_STRING "CUPS 2.4.0"
| #define PACKAGE_BUGREPORT "https://github.com/openprinting/cups/issues"
| #define PACKAGE_URL "https://openprinting.github.io/cups"
| #define CUPS_SVERSION "CUPS v2.4.0"
| #define CUPS_MINIMAL "CUPS/2.4.0"
| #define HAVE_ABS 1
| #define HAVE_STDIO_H 1
| #define HAVE_STDLIB_H 1
| #define HAVE_STRING_H 1
| #define HAVE_INTTYPES_H 1
| #define HAVE_STDINT_H 1
| #define HAVE_STRINGS_H 1
| #define HAVE_SYS_STAT_H 1
| #define HAVE_SYS_TYPES_H 1
| #define HAVE_UNISTD_H 1
| #define STDC_HEADERS 1
| #define HAVE_CRYPT_H 1
| #define HAVE_LANGINFO_H 1
| #define HAVE_MALLOC_H 1
| #define HAVE_SHADOW_H 1
| #define HAVE_STDINT_H 1
| #define HAVE_SYS_IOCTL_H 1
| #define HAVE_SYS_PARAM_H 1
| #define HAVE_ICONV_H 1
| /* end confdefs.h.  */
| 
| /* Override any GCC internal prototype to avoid an error.
|    Use char because int might match the return type of a GCC
|    builtin and then its argument prototype would still apply.  */
| char libiconv_open ();
| int
| main (void)
| {
| return libiconv_open ();
|   ;
|   return 0;
| }
configure:6157: result: no
configure:6176: checking for sys/mount.h
configure:6176: gcc -c   conftest.c >&5
configure:6176: $? = 0
configure:6176: result: yes
configure:6184: checking for sys/statfs.h
configure:6184: gcc -c   conftest.c >&5
configure:6184: $? = 0
configure:6184: result: yes
configure:6192: checking for sys/statvfs.h
configure:6192: gcc -c   conftest.c >&5
configure:6192: $? = 0
configure:6192: result: yes
configure:6200: checking for sys/vfs.h
configure:6200: gcc -c   conftest.c >&5
configure:6200: $? = 0
configure:6200: result: yes
configure:6208: checking for statfs
configure:6208: gcc -o conftest    conftest.c -lm -lcrypt   >&5
configure:6208: $? = 0
configure:6208: result: yes
configure:6214: checking for statvfs
configure:6214: gcc -o conftest    conftest.c -lm -lcrypt   >&5
configure:6214: $? = 0
configure:6214: result: yes
configure:6222: checking for strdup
configure:6222: gcc -o conftest    conftest.c -lm -lcrypt   >&5
conftest.c:52:6: warning: conflicting types for built-in function 'strdup'; expected 'char *(const char *)' [-Wbuiltin-declaration-mismatch]
   52 | char strdup ();
      |      ^~~~~~
configure:6222: $? = 0
configure:6222: result: yes
configure:6228: checking for snprintf
configure:6228: gcc -o conftest    conftest.c -lm -lcrypt   >&5
conftest.c:53:6: warning: conflicting types for built-in function 'snprintf'; expected 'int(char *, long unsigned int,  const char *, ...)' [-Wbuiltin-declaration-mismatch]
   53 | char snprintf ();
      |      ^~~~~~~~
conftest.c:45:1: note: 'snprintf' is declared in header '<stdio.h>'
   44 | #include <limits.h>
   45 | #undef snprintf
configure:6228: $? = 0
configure:6228: result: yes
configure:6234: checking for vsnprintf
configure:6234: gcc -o conftest    conftest.c -lm -lcrypt   >&5
conftest.c:54:6: warning: conflicting types for built-in function 'vsnprintf'; expected 'int(char *, long unsigned int,  const char *, __va_list_tag *)' [-Wbuiltin-declaration-mismatch]
   54 | char vsnprintf ();
      |      ^~~~~~~~~
conftest.c:46:1: note: 'vsnprintf' is declared in header '<stdio.h>'
   45 | #include <limits.h>
   46 | #undef vsnprintf
configure:6234: $? = 0
configure:6234: result: yes
configure:6241: checking for strlcat
configure:6241: gcc -o conftest    conftest.c -lm -lcrypt   >&5
/usr/bin/ld: /tmp/ccYQmMfz.o: in function `main':
conftest.c:(.text+0xe): undefined reference to `strlcat'
collect2: error: ld returned 1 exit status
configure:6241: $? = 1
configure: failed program was:
| /* confdefs.h */
| #define PACKAGE_NAME "CUPS"
| #define PACKAGE_TARNAME "cups"
| #define PACKAGE_VERSION "2.4.0"
| #define PACKAGE_STRING "CUPS 2.4.0"
| #define PACKAGE_BUGREPORT "https://github.com/openprinting/cups/issues"
| #define PACKAGE_URL "https://openprinting.github.io/cups"
| #define CUPS_SVERSION "CUPS v2.4.0"
| #define CUPS_MINIMAL "CUPS/2.4.0"
| #define HAVE_ABS 1
| #define HAVE_STDIO_H 1
| #define HAVE_STDLIB_H 1
| #define HAVE_STRING_H 1
| #define HAVE_INTTYPES_H 1
| #define HAVE_STDINT_H 1
| #define HAVE_STRINGS_H 1
| #define HAVE_SYS_STAT_H 1
| #define HAVE_SYS_TYPES_H 1
| #define HAVE_UNISTD_H 1
| #define STDC_HEADERS 1
| #define HAVE_CRYPT_H 1
| #define HAVE_LANGINFO_H 1
| #define HAVE_MALLOC_H 1
| #define HAVE_SHADOW_H 1
| #define HAVE_STDINT_H 1
| #define HAVE_SYS_IOCTL_H 1
| #define HAVE_SYS_PARAM_H 1
| #define HAVE_ICONV_H 1
| #define HAVE_SYS_MOUNT_H 1
| #define HAVE_SYS_STATFS_H 1
| #define HAVE_SYS_STATVFS_H 1
| #define HAVE_SYS_VFS_H 1
| #define HAVE_STATFS 1
| #define HAVE_STATVFS 1
| #define HAVE_STRDUP 1
| #define HAVE_SNPRINTF 1
| #define HAVE_VSNPRINTF 1
| /* end confdefs.h.  */
| /* Define strlcat to an innocuous variant, in case <limits.h> declares strlcat.
|    For example, HP-UX 11i <limits.h> declares gettimeofday.  */
| #define strlcat innocuous_strlcat
| 
| /* System header to define __stub macros and hopefully few prototypes,
|    which can conflict with char strlcat (); below.  */
| 
| #include <limits.h>
| #undef strlcat
| 
| /* Override any GCC internal prototype to avoid an error.
|    Use char because int might match the return type of a GCC
|    builtin and then its argument prototype would still apply.  */
| #ifdef __cplusplus
| extern "C"
| #endif
| char strlcat ();
| /* The GNU C library defines this for functions which it implements
|     to always fail with ENOSYS.  Some functions are actually named
|     something starting with __ and the normal name is an alias.  */
| #if defined __stub_strlcat || defined __stub___strlcat
| choke me
| #endif
| 
| int
| main (void)
| {
| return strlcat ();
|   ;
|   return 0;
| }
configure:6241: result: no
configure:6247: checking for strlcpy
configure:6247: gcc -o conftest    conftest.c -lm -lcrypt   >&5
/usr/bin/ld: /tmp/ccO6EsxC.o: in function `main':
conftest.c:(.text+0xe): undefined reference to `strlcpy'
collect2: error: ld returned 1 exit status
configure:6247: $? = 1
configure: failed program was:
| /* confdefs.h */
| #define PACKAGE_NAME "CUPS"
| #define PACKAGE_TARNAME "cups"
| #define PACKAGE_VERSION "2.4.0"
| #define PACKAGE_STRING "CUPS 2.4.0"
| #define PACKAGE_BUGREPORT "https://github.com/openprinting/cups/issues"
| #define PACKAGE_URL "https://openprinting.github.io/cups"
| #define CUPS_SVERSION "CUPS v2.4.0"
| #define CUPS_MINIMAL "CUPS/2.4.0"
| #define HAVE_ABS 1
| #define HAVE_STDIO_H 1
| #define HAVE_STDLIB_H 1
| #define HAVE_STRING_H 1
| #define HAVE_INTTYPES_H 1
| #define HAVE_STDINT_H 1
| #define HAVE_STRINGS_H 1
| #define HAVE_SYS_STAT_H 1
| #define HAVE_SYS_TYPES_H 1
| #define HAVE_UNISTD_H 1
| #define STDC_HEADERS 1
| #define HAVE_CRYPT_H 1
| #define HAVE_LANGINFO_H 1
| #define HAVE_MALLOC_H 1
| #define HAVE_SHADOW_H 1
| #define HAVE_STDINT_H 1
| #define HAVE_SYS_IOCTL_H 1
| #define HAVE_SYS_PARAM_H 1
| #define HAVE_ICONV_H 1
| #define HAVE_SYS_MOUNT_H 1
| #define HAVE_SYS_STATFS_H 1
| #define HAVE_SYS_STATVFS_H 1
| #define HAVE_SYS_VFS_H 1
| #define HAVE_STATFS 1
| #define HAVE_STATVFS 1
| #define HAVE_STRDUP 1
| #define HAVE_SNPRINTF 1
| #define HAVE_VSNPRINTF 1
| /* end confdefs.h.  */
| /* Define strlcpy to an innocuous variant, in case <limits.h> declares strlcpy.
|    For example, HP-UX 11i <limits.h> declares gettimeofday.  */
| #define strlcpy innocuous_strlcpy
| 
| /* System header to define __stub macros and hopefully few prototypes,
|    which can conflict with char strlcpy (); below.  */
| 
| #include <limits.h>
| #undef strlcpy
| 
| /* Override any GCC internal prototype to avoid an error.
|    Use char because int might match the return type of a GCC
|    builtin and then its argument prototype would still apply.  */
| #ifdef __cplusplus
| extern "C"
| #endif
| char strlcpy ();
| /* The GNU C library defines this for functions which it implements
|     to always fail with ENOSYS.  Some functions are actually named
|     something starting with __ and the normal name is an alias.  */
| #if defined __stub_strlcpy || defined __stub___strlcpy
| choke me
| #endif
| 
| int
| main (void)
| {
| return strlcpy ();
|   ;
|   return 0;
| }
configure:6247: result: no
configure:6255: checking for random
configure:6255: gcc -o conftest    conftest.c -lm -lcrypt   >&5
configure:6255: $? = 0
configure:6255: result: yes
configure:6261: checking for lrand48
configure:6261: gcc -o conftest    conftest.c -lm -lcrypt   >&5
configure:6261: $? = 0
configure:6261: result: yes
configure:6267: checking for arc4random
configure:6267: gcc -o conftest    conftest.c -lm -lcrypt   >&5
/usr/bin/ld: /tmp/ccLYVT1a.o: in function `main':
conftest.c:(.text+0xe): undefined reference to `arc4random'
collect2: error: ld returned 1 exit status
configure:6267: $? = 1
configure: failed program was:
| /* confdefs.h */
| #define PACKAGE_NAME "CUPS"
| #define PACKAGE_TARNAME "cups"
| #define PACKAGE_VERSION "2.4.0"
| #define PACKAGE_STRING "CUPS 2.4.0"
| #define PACKAGE_BUGREPORT "https://github.com/openprinting/cups/issues"
| #define PACKAGE_URL "https://openprinting.github.io/cups"
| #define CUPS_SVERSION "CUPS v2.4.0"
| #define CUPS_MINIMAL "CUPS/2.4.0"
| #define HAVE_ABS 1
| #define HAVE_STDIO_H 1
| #define HAVE_STDLIB_H 1
| #define HAVE_STRING_H 1
| #define HAVE_INTTYPES_H 1
| #define HAVE_STDINT_H 1
| #define HAVE_STRINGS_H 1
| #define HAVE_SYS_STAT_H 1
| #define HAVE_SYS_TYPES_H 1
| #define HAVE_UNISTD_H 1
| #define STDC_HEADERS 1
| #define HAVE_CRYPT_H 1
| #define HAVE_LANGINFO_H 1
| #define HAVE_MALLOC_H 1
| #define HAVE_SHADOW_H 1
| #define HAVE_STDINT_H 1
| #define HAVE_SYS_IOCTL_H 1
| #define HAVE_SYS_PARAM_H 1
| #define HAVE_ICONV_H 1
| #define HAVE_SYS_MOUNT_H 1
| #define HAVE_SYS_STATFS_H 1
| #define HAVE_SYS_STATVFS_H 1
| #define HAVE_SYS_VFS_H 1
| #define HAVE_STATFS 1
| #define HAVE_STATVFS 1
| #define HAVE_STRDUP 1
| #define HAVE_SNPRINTF 1
| #define HAVE_VSNPRINTF 1
| #define HAVE_RANDOM 1
| #define HAVE_LRAND48 1
| /* end confdefs.h.  */
| /* Define arc4random to an innocuous variant, in case <limits.h> declares arc4random.
|    For example, HP-UX 11i <limits.h> declares gettimeofday.  */
| #define arc4random innocuous_arc4random
| 
| /* System header to define __stub macros and hopefully few prototypes,
|    which can conflict with char arc4random (); below.  */
| 
| #include <limits.h>
| #undef arc4random
| 
| /* Override any GCC internal prototype to avoid an error.
|    Use char because int might match the return type of a GCC
|    builtin and then its argument prototype would still apply.  */
| #ifdef __cplusplus
| extern "C"
| #endif
| char arc4random ();
| /* The GNU C library defines this for functions which it implements
|     to always fail with ENOSYS.  Some functions are actually named
|     something starting with __ and the normal name is an alias.  */
| #if defined __stub_arc4random || defined __stub___arc4random
| choke me
| #endif
| 
| int
| main (void)
| {
| return arc4random ();
|   ;
|   return 0;
| }
configure:6267: result: no
configure:6275: checking for geteuid
configure:6275: gcc -o conftest    conftest.c -lm -lcrypt   >&5
configure:6275: $? = 0
configure:6275: result: yes
configure:6283: checking for setpgid
configure:6283: gcc -o conftest    conftest.c -lm -lcrypt   >&5
configure:6283: $? = 0
configure:6283: result: yes
configure:6291: checking for vsyslog
configure:6291: gcc -o conftest    conftest.c -lm -lcrypt   >&5
configure:6291: $? = 0
configure:6291: result: yes
configure:6319: checking for sigaction
configure:6319: gcc -o conftest    conftest.c -lm -lcrypt   >&5
configure:6319: $? = 0
configure:6319: result: yes
configure:6327: checking for waitpid
configure:6327: gcc -o conftest    conftest.c -lm -lcrypt   >&5
configure:6327: $? = 0
configure:6327: result: yes
configure:6333: checking for wait3
configure:6333: gcc -o conftest    conftest.c -lm -lcrypt   >&5
configure:6333: $? = 0
configure:6333: result: yes
configure:6341: checking for posix_spawn
configure:6341: gcc -o conftest    conftest.c -lm -lcrypt   >&5
configure:6341: $? = 0
configure:6341: result: yes
configure:6349: checking for getgrouplist
configure:6349: gcc -o conftest    conftest.c -lm -lcrypt   >&5
configure:6349: $? = 0
configure:6349: result: yes
configure:6357: checking for tm_gmtoff member in tm structure
configure:6375: gcc -c   conftest.c >&5
configure:6375: $? = 0
configure:6378: result: yes
configure:6392: checking for st_gen member in stat structure
configure:6410: gcc -c   conftest.c >&5
conftest.c: In function 'main':
conftest.c:57:12: error: 'struct stat' has no member named 'st_gen'; did you mean 'st_dev'?
   57 |  int o = t.st_gen;
      |            ^~~~~~
      |            st_dev
configure:6410: $? = 1
configure: failed program was:
| /* confdefs.h */
| #define PACKAGE_NAME "CUPS"
| #define PACKAGE_TARNAME "cups"
| #define PACKAGE_VERSION "2.4.0"
| #define PACKAGE_STRING "CUPS 2.4.0"
| #define PACKAGE_BUGREPORT "https://github.com/openprinting/cups/issues"
| #define PACKAGE_URL "https://openprinting.github.io/cups"
| #define CUPS_SVERSION "CUPS v2.4.0"
| #define CUPS_MINIMAL "CUPS/2.4.0"
| #define HAVE_ABS 1
| #define HAVE_STDIO_H 1
| #define HAVE_STDLIB_H 1
| #define HAVE_STRING_H 1
| #define HAVE_INTTYPES_H 1
| #define HAVE_STDINT_H 1
| #define HAVE_STRINGS_H 1
| #define HAVE_SYS_STAT_H 1
| #define HAVE_SYS_TYPES_H 1
| #define HAVE_UNISTD_H 1
| #define STDC_HEADERS 1
| #define HAVE_CRYPT_H 1
| #define HAVE_LANGINFO_H 1
| #define HAVE_MALLOC_H 1
| #define HAVE_SHADOW_H 1
| #define HAVE_STDINT_H 1
| #define HAVE_SYS_IOCTL_H 1
| #define HAVE_SYS_PARAM_H 1
| #define HAVE_ICONV_H 1
| #define HAVE_SYS_MOUNT_H 1
| #define HAVE_SYS_STATFS_H 1
| #define HAVE_SYS_STATVFS_H 1
| #define HAVE_SYS_VFS_H 1
| #define HAVE_STATFS 1
| #define HAVE_STATVFS 1
| #define HAVE_STRDUP 1
| #define HAVE_SNPRINTF 1
| #define HAVE_VSNPRINTF 1
| #define HAVE_RANDOM 1
| #define HAVE_LRAND48 1
| #define HAVE_GETEUID 1
| #define HAVE_SETPGID 1
| #define HAVE_VSYSLOG 1
| #define HAVE_SIGACTION 1
| #define HAVE_WAITPID 1
| #define HAVE_WAIT3 1
| #define HAVE_POSIX_SPAWN 1
| #define HAVE_GETGROUPLIST 1
| #define HAVE_TM_GMTOFF 1
| /* end confdefs.h.  */
| 
|     #include <sys/stat.h>
| int
| main (void)
| {
| 
|         struct stat t;
| 	int o = t.st_gen;
| 
|   ;
|   return 0;
| }
| 
configure:6421: result: no
configure:6427: checking for removefile
configure:6427: gcc -o conftest    conftest.c -lm -lcrypt   >&5
/usr/bin/ld: /tmp/ccqzIuRA.o: in function `main':
conftest.c:(.text+0xe): undefined reference to `removefile'
collect2: error: ld returned 1 exit status
configure:6427: $? = 1
configure: failed program was:
| /* confdefs.h */
| #define PACKAGE_NAME "CUPS"
| #define PACKAGE_TARNAME "cups"
| #define PACKAGE_VERSION "2.4.0"
| #define PACKAGE_STRING "CUPS 2.4.0"
| #define PACKAGE_BUGREPORT "https://github.com/openprinting/cups/issues"
| #define PACKAGE_URL "https://openprinting.github.io/cups"
| #define CUPS_SVERSION "CUPS v2.4.0"
| #define CUPS_MINIMAL "CUPS/2.4.0"
| #define HAVE_ABS 1
| #define HAVE_STDIO_H 1
| #define HAVE_STDLIB_H 1
| #define HAVE_STRING_H 1
| #define HAVE_INTTYPES_H 1
| #define HAVE_STDINT_H 1
| #define HAVE_STRINGS_H 1
| #define HAVE_SYS_STAT_H 1
| #define HAVE_SYS_TYPES_H 1
| #define HAVE_UNISTD_H 1
| #define STDC_HEADERS 1
| #define HAVE_CRYPT_H 1
| #define HAVE_LANGINFO_H 1
| #define HAVE_MALLOC_H 1
| #define HAVE_SHADOW_H 1
| #define HAVE_STDINT_H 1
| #define HAVE_SYS_IOCTL_H 1
| #define HAVE_SYS_PARAM_H 1
| #define HAVE_ICONV_H 1
| #define HAVE_SYS_MOUNT_H 1
| #define HAVE_SYS_STATFS_H 1
| #define HAVE_SYS_STATVFS_H 1
| #define HAVE_SYS_VFS_H 1
| #define HAVE_STATFS 1
| #define HAVE_STATVFS 1
| #define HAVE_STRDUP 1
| #define HAVE_SNPRINTF 1
| #define HAVE_VSNPRINTF 1
| #define HAVE_RANDOM 1
| #define HAVE_LRAND48 1
| #define HAVE_GETEUID 1
| #define HAVE_SETPGID 1
| #define HAVE_VSYSLOG 1
| #define HAVE_SIGACTION 1
| #define HAVE_WAITPID 1
| #define HAVE_WAIT3 1
| #define HAVE_POSIX_SPAWN 1
| #define HAVE_GETGROUPLIST 1
| #define HAVE_TM_GMTOFF 1
| /* end confdefs.h.  */
| /* Define removefile to an innocuous variant, in case <limits.h> declares removefile.
|    For example, HP-UX 11i <limits.h> declares gettimeofday.  */
| #define removefile innocuous_removefile
| 
| /* System header to define __stub macros and hopefully few prototypes,
|    which can conflict with char removefile (); below.  */
| 
| #include <limits.h>
| #undef removefile
| 
| /* Override any GCC internal prototype to avoid an error.
|    Use char because int might match the return type of a GCC
|    builtin and then its argument prototype would still apply.  */
| #ifdef __cplusplus
| extern "C"
| #endif
| char removefile ();
| /* The GNU C library defines this for functions which it implements
|     to always fail with ENOSYS.  Some functions are actually named
|     something starting with __ and the normal name is an alias.  */
| #if defined __stub_removefile || defined __stub___removefile
| choke me
| #endif
| 
| int
| main (void)
| {
| return removefile ();
|   ;
|   return 0;
| }
configure:6427: result: no
configure:6453: checking for libusb-1.0
configure:6458: result: yes
configure:6559: checking for zlib.h
configure:6559: gcc -c  -I/usr/include/libusb-1.0  conftest.c >&5
configure:6559: $? = 0
configure:6559: result: yes
configure:6563: checking for gzgets in -lz
configure:6586: gcc -o conftest  -I/usr/include/libusb-1.0   conftest.c -lz  -lm -lcrypt   >&5
configure:6586: $? = 0
configure:6596: result: yes
configure:6606: checking for inflateCopy in -lz
configure:6629: gcc -o conftest  -I/usr/include/libusb-1.0   conftest.c -lz  -lm -lcrypt   -lz >&5
configure:6629: $? = 0
configure:6639: result: yes
configure:6697: checking for library containing acl_init
configure:6727: gcc -o conftest  -I/usr/include/libusb-1.0   conftest.c  >&5
/usr/bin/ld: /tmp/cct5E3BS.o: in function `main':
conftest.c:(.text+0xe): undefined reference to `acl_init'
collect2: error: ld returned 1 exit status
configure:6727: $? = 1
configure: failed program was:
| /* confdefs.h */
| #define PACKAGE_NAME "CUPS"
| #define PACKAGE_TARNAME "cups"
| #define PACKAGE_VERSION "2.4.0"
| #define PACKAGE_STRING "CUPS 2.4.0"
| #define PACKAGE_BUGREPORT "https://github.com/openprinting/cups/issues"
| #define PACKAGE_URL "https://openprinting.github.io/cups"
| #define CUPS_SVERSION "CUPS v2.4.0"
| #define CUPS_MINIMAL "CUPS/2.4.0"
| #define HAVE_ABS 1
| #define HAVE_STDIO_H 1
| #define HAVE_STDLIB_H 1
| #define HAVE_STRING_H 1
| #define HAVE_INTTYPES_H 1
| #define HAVE_STDINT_H 1
| #define HAVE_STRINGS_H 1
| #define HAVE_SYS_STAT_H 1
| #define HAVE_SYS_TYPES_H 1
| #define HAVE_UNISTD_H 1
| #define STDC_HEADERS 1
| #define HAVE_CRYPT_H 1
| #define HAVE_LANGINFO_H 1
| #define HAVE_MALLOC_H 1
| #define HAVE_SHADOW_H 1
| #define HAVE_STDINT_H 1
| #define HAVE_SYS_IOCTL_H 1
| #define HAVE_SYS_PARAM_H 1
| #define HAVE_ICONV_H 1
| #define HAVE_SYS_MOUNT_H 1
| #define HAVE_SYS_STATFS_H 1
| #define HAVE_SYS_STATVFS_H 1
| #define HAVE_SYS_VFS_H 1
| #define HAVE_STATFS 1
| #define HAVE_STATVFS 1
| #define HAVE_STRDUP 1
| #define HAVE_SNPRINTF 1
| #define HAVE_VSNPRINTF 1
| #define HAVE_RANDOM 1
| #define HAVE_LRAND48 1
| #define HAVE_GETEUID 1
| #define HAVE_SETPGID 1
| #define HAVE_VSYSLOG 1
| #define HAVE_SIGACTION 1
| #define HAVE_WAITPID 1
| #define HAVE_WAIT3 1
| #define HAVE_POSIX_SPAWN 1
| #define HAVE_GETGROUPLIST 1
| #define HAVE_TM_GMTOFF 1
| #define HAVE_LIBUSB 1
| #define HAVE_LIBZ 1
| #define HAVE_INFLATECOPY 1
| /* end confdefs.h.  */
| 
| /* Override any GCC internal prototype to avoid an error.
|    Use char because int might match the return type of a GCC
|    builtin and then its argument prototype would still apply.  */
| char acl_init ();
| int
| main (void)
| {
| return acl_init ();
|   ;
|   return 0;
| }
configure:6727: gcc -o conftest  -I/usr/include/libusb-1.0   conftest.c -lacl   >&5
/usr/bin/ld: cannot find -lacl
collect2: error: ld returned 1 exit status
configure:6727: $? = 1
configure: failed program was:
| /* confdefs.h */
| #define PACKAGE_NAME "CUPS"
| #define PACKAGE_TARNAME "cups"
| #define PACKAGE_VERSION "2.4.0"
| #define PACKAGE_STRING "CUPS 2.4.0"
| #define PACKAGE_BUGREPORT "https://github.com/openprinting/cups/issues"
| #define PACKAGE_URL "https://openprinting.github.io/cups"
| #define CUPS_SVERSION "CUPS v2.4.0"
| #define CUPS_MINIMAL "CUPS/2.4.0"
| #define HAVE_ABS 1
| #define HAVE_STDIO_H 1
| #define HAVE_STDLIB_H 1
| #define HAVE_STRING_H 1
| #define HAVE_INTTYPES_H 1
| #define HAVE_STDINT_H 1
| #define HAVE_STRINGS_H 1
| #define HAVE_SYS_STAT_H 1
| #define HAVE_SYS_TYPES_H 1
| #define HAVE_UNISTD_H 1
| #define STDC_HEADERS 1
| #define HAVE_CRYPT_H 1
| #define HAVE_LANGINFO_H 1
| #define HAVE_MALLOC_H 1
| #define HAVE_SHADOW_H 1
| #define HAVE_STDINT_H 1
| #define HAVE_SYS_IOCTL_H 1
| #define HAVE_SYS_PARAM_H 1
| #define HAVE_ICONV_H 1
| #define HAVE_SYS_MOUNT_H 1
| #define HAVE_SYS_STATFS_H 1
| #define HAVE_SYS_STATVFS_H 1
| #define HAVE_SYS_VFS_H 1
| #define HAVE_STATFS 1
| #define HAVE_STATVFS 1
| #define HAVE_STRDUP 1
| #define HAVE_SNPRINTF 1
| #define HAVE_VSNPRINTF 1
| #define HAVE_RANDOM 1
| #define HAVE_LRAND48 1
| #define HAVE_GETEUID 1
| #define HAVE_SETPGID 1
| #define HAVE_VSYSLOG 1
| #define HAVE_SIGACTION 1
| #define HAVE_WAITPID 1
| #define HAVE_WAIT3 1
| #define HAVE_POSIX_SPAWN 1
| #define HAVE_GETGROUPLIST 1
| #define HAVE_TM_GMTOFF 1
| #define HAVE_LIBUSB 1
| #define HAVE_LIBZ 1
| #define HAVE_INFLATECOPY 1
| /* end confdefs.h.  */
| 
| /* Override any GCC internal prototype to avoid an error.
|    Use char because int might match the return type of a GCC
|    builtin and then its argument prototype would still apply.  */
| char acl_init ();
| int
| main (void)
| {
| return acl_init ();
|   ;
|   return 0;
| }
configure:6747: result: no
configure:6788: checking for DBUS
configure:6834: result: no
configure:8078: checking whether compiler supports -fstack-protector-strong
configure:8093: gcc -o conftest  -I/usr/include/libusb-1.0 -D_FORTIFY_SOURCE=2 -fstack-protector-strong   conftest.c -lm -lcrypt   -lz >&5
configure:8093: $? = 0
configure:8097: result: yes
configure:8147: checking whether compiler supports -fPIE
configure:8195: gcc -c  -I/usr/include/libusb-1.0 -D_FORTIFY_SOURCE=2 -fPIE -pie  conftest.c >&5
configure:8195: $? = 0
configure:8199: result: yes
configure:8220: checking whether compiler supports -Wno-char-subscripts
configure:8237: gcc -c  -I/usr/include/libusb-1.0 -D_FORTIFY_SOURCE=2 -Wno-char-subscripts -Werror  conftest.c >&5
configure:8237: $? = 0
configure:8240: result: yes
configure:8220: checking whether compiler supports -Wno-deprecated-declarations
configure:8237: gcc -c  -I/usr/include/libusb-1.0 -D_FORTIFY_SOURCE=2 -Wno-deprecated-declarations -Werror  conftest.c >&5
configure:8237: $? = 0
configure:8240: result: yes
configure:8220: checking whether compiler supports -Wno-format-truncation
configure:8237: gcc -c  -I/usr/include/libusb-1.0 -D_FORTIFY_SOURCE=2 -Wno-format-truncation -Werror  conftest.c >&5
configure:8237: $? = 0
configure:8240: result: yes
configure:8220: checking whether compiler supports -Wno-format-y2k
configure:8237: gcc -c  -I/usr/include/libusb-1.0 -D_FORTIFY_SOURCE=2 -Wno-format-y2k -Werror  conftest.c >&5
configure:8237: $? = 0
configure:8240: result: yes
configure:8220: checking whether compiler supports -Wno-switch
configure:8237: gcc -c  -I/usr/include/libusb-1.0 -D_FORTIFY_SOURCE=2 -Wno-switch -Werror  conftest.c >&5
configure:8237: $? = 0
configure:8240: result: yes
configure:8220: checking whether compiler supports -Wno-unused-result
configure:8237: gcc -c  -I/usr/include/libusb-1.0 -D_FORTIFY_SOURCE=2 -Wno-unused-result -Werror  conftest.c >&5
configure:8237: $? = 0
configure:8240: result: yes
configure:8323: checking for resolv.h
configure:8323: gcc -c  -I/usr/include/libusb-1.0 -D_FORTIFY_SOURCE=2  conftest.c >&5
configure:8323: $? = 0
configure:8323: result: yes
configure:8340: checking for library containing socket
configure:8370: gcc -o conftest  -I/usr/include/libusb-1.0 -D_FORTIFY_SOURCE=2   conftest.c -lm -lcrypt   -lz >&5
configure:8370: $? = 0
configure:8390: result: none required
configure:8399: checking for library containing gethostbyaddr
configure:8429: gcc -o conftest  -I/usr/include/libusb-1.0 -D_FORTIFY_SOURCE=2   conftest.c -lm -lcrypt   -lz >&5
configure:8429: $? = 0
configure:8449: result: none required
configure:8458: checking for library containing getifaddrs
configure:8488: gcc -o conftest  -I/usr/include/libusb-1.0 -D_FORTIFY_SOURCE=2   conftest.c -lm -lcrypt   -lz >&5
configure:8488: $? = 0
configure:8508: result: none required
configure:8521: checking for library containing hstrerror
configure:8551: gcc -o conftest  -I/usr/include/libusb-1.0 -D_FORTIFY_SOURCE=2   conftest.c -lm -lcrypt   -lz >&5
configure:8551: $? = 0
configure:8571: result: none required
configure:8584: checking for library containing rresvport_af
configure:8614: gcc -o conftest  -I/usr/include/libusb-1.0 -D_FORTIFY_SOURCE=2   conftest.c -lm -lcrypt   -lz >&5
configure:8614: $? = 0
configure:8634: result: none required
configure:8647: checking for library containing __res_init
configure:8677: gcc -o conftest  -I/usr/include/libusb-1.0 -D_FORTIFY_SOURCE=2   conftest.c -lm -lcrypt   -lz >&5
configure:8677: $? = 0
configure:8697: result: none required
configure:8843: checking for library containing getaddrinfo
configure:8873: gcc -o conftest  -I/usr/include/libusb-1.0 -D_FORTIFY_SOURCE=2   conftest.c -lm -lcrypt   -lz >&5
configure:8873: $? = 0
configure:8893: result: none required
configure:8906: checking for library containing getnameinfo
configure:8936: gcc -o conftest  -I/usr/include/libusb-1.0 -D_FORTIFY_SOURCE=2   conftest.c -lm -lcrypt   -lz >&5
configure:8936: $? = 0
configure:8956: result: none required
configure:8970: checking for struct sockaddr.sa_len
configure:8970: gcc -c  -I/usr/include/libusb-1.0 -D_FORTIFY_SOURCE=2  conftest.c >&5
conftest.c: In function 'main':
conftest.c:80:12: error: 'struct sockaddr' has no member named 'sa_len'
   80 | if (ac_aggr.sa_len)
      |            ^
configure:8970: $? = 1
configure: failed program was:
| /* confdefs.h */
| #define PACKAGE_NAME "CUPS"
| #define PACKAGE_TARNAME "cups"
| #define PACKAGE_VERSION "2.4.0"
| #define PACKAGE_STRING "CUPS 2.4.0"
| #define PACKAGE_BUGREPORT "https://github.com/openprinting/cups/issues"
| #define PACKAGE_URL "https://openprinting.github.io/cups"
| #define CUPS_SVERSION "CUPS v2.4.0"
| #define CUPS_MINIMAL "CUPS/2.4.0"
| #define HAVE_ABS 1
| #define HAVE_STDIO_H 1
| #define HAVE_STDLIB_H 1
| #define HAVE_STRING_H 1
| #define HAVE_INTTYPES_H 1
| #define HAVE_STDINT_H 1
| #define HAVE_STRINGS_H 1
| #define HAVE_SYS_STAT_H 1
| #define HAVE_SYS_TYPES_H 1
| #define HAVE_UNISTD_H 1
| #define STDC_HEADERS 1
| #define HAVE_CRYPT_H 1
| #define HAVE_LANGINFO_H 1
| #define HAVE_MALLOC_H 1
| #define HAVE_SHADOW_H 1
| #define HAVE_STDINT_H 1
| #define HAVE_SYS_IOCTL_H 1
| #define HAVE_SYS_PARAM_H 1
| #define HAVE_ICONV_H 1
| #define HAVE_SYS_MOUNT_H 1
| #define HAVE_SYS_STATFS_H 1
| #define HAVE_SYS_STATVFS_H 1
| #define HAVE_SYS_VFS_H 1
| #define HAVE_STATFS 1
| #define HAVE_STATVFS 1
| #define HAVE_STRDUP 1
| #define HAVE_SNPRINTF 1
| #define HAVE_VSNPRINTF 1
| #define HAVE_RANDOM 1
| #define HAVE_LRAND48 1
| #define HAVE_GETEUID 1
| #define HAVE_SETPGID 1
| #define HAVE_VSYSLOG 1
| #define HAVE_SIGACTION 1
| #define HAVE_WAITPID 1
| #define HAVE_WAIT3 1
| #define HAVE_POSIX_SPAWN 1
| #define HAVE_GETGROUPLIST 1
| #define HAVE_TM_GMTOFF 1
| #define HAVE_LIBUSB 1
| #define HAVE_LIBZ 1
| #define HAVE_INFLATECOPY 1
| #define CUPS_DEFAULT_PRINTOPERATOR_AUTH "@SYSTEM"
| #define CUPS_DEFAULT_SYSTEM_AUTHKEY ""
| #define CUPS_BINDIR "/usr/bin"
| #define CUPS_SBINDIR "/usr/sbin"
| #define CUPS_CACHEDIR "/var/cache/cups"
| #define CUPS_DATADIR "/usr/share/cups"
| #define CUPS_DOCROOT "/usr/share/doc/cups"
| #define CUPS_LOCALEDIR "/usr/share/locale"
| #define CUPS_PKGCONFPATH "/usr/lib/pkgconfig"
| #define CUPS_LOGDIR "/var/log/cups"
| #define CUPS_REQUESTS "/var/spool/cups"
| #define CUPS_SERVERBIN "/usr/lib/cups"
| #define CUPS_SERVERROOT "/etc/cups"
| #define CUPS_STATEDIR "/var/run/cups"
| #define HAVE_RESOLV_H 1
| #define HAVE_GETIFADDRS 1
| #define HAVE_HSTRERROR 1
| #define HAVE_RRESVPORT_AF 1
| #define HAVE_RES_INIT 1
| #define HAVE_GETADDRINFO 1
| #define HAVE_GETNAMEINFO 1
| /* end confdefs.h.  */
| #include <sys/socket.h>
| 
| int
| main (void)
| {
| static struct sockaddr ac_aggr;
| if (ac_aggr.sa_len)
| return 0;
|   ;
|   return 0;
| }
configure:8970: gcc -c  -I/usr/include/libusb-1.0 -D_FORTIFY_SOURCE=2  conftest.c >&5
conftest.c: In function 'main':
conftest.c:80:19: error: 'struct sockaddr' has no member named 'sa_len'
   80 | if (sizeof ac_aggr.sa_len)
      |                   ^
configure:8970: $? = 1
configure: failed program was:
| /* confdefs.h */
| #define PACKAGE_NAME "CUPS"
| #define PACKAGE_TARNAME "cups"
| #define PACKAGE_VERSION "2.4.0"
| #define PACKAGE_STRING "CUPS 2.4.0"
| #define PACKAGE_BUGREPORT "https://github.com/openprinting/cups/issues"
| #define PACKAGE_URL "https://openprinting.github.io/cups"
| #define CUPS_SVERSION "CUPS v2.4.0"
| #define CUPS_MINIMAL "CUPS/2.4.0"
| #define HAVE_ABS 1
| #define HAVE_STDIO_H 1
| #define HAVE_STDLIB_H 1
| #define HAVE_STRING_H 1
| #define HAVE_INTTYPES_H 1
| #define HAVE_STDINT_H 1
| #define HAVE_STRINGS_H 1
| #define HAVE_SYS_STAT_H 1
| #define HAVE_SYS_TYPES_H 1
| #define HAVE_UNISTD_H 1
| #define STDC_HEADERS 1
| #define HAVE_CRYPT_H 1
| #define HAVE_LANGINFO_H 1
| #define HAVE_MALLOC_H 1
| #define HAVE_SHADOW_H 1
| #define HAVE_STDINT_H 1
| #define HAVE_SYS_IOCTL_H 1
| #define HAVE_SYS_PARAM_H 1
| #define HAVE_ICONV_H 1
| #define HAVE_SYS_MOUNT_H 1
| #define HAVE_SYS_STATFS_H 1
| #define HAVE_SYS_STATVFS_H 1
| #define HAVE_SYS_VFS_H 1
| #define HAVE_STATFS 1
| #define HAVE_STATVFS 1
| #define HAVE_STRDUP 1
| #define HAVE_SNPRINTF 1
| #define HAVE_VSNPRINTF 1
| #define HAVE_RANDOM 1
| #define HAVE_LRAND48 1
| #define HAVE_GETEUID 1
| #define HAVE_SETPGID 1
| #define HAVE_VSYSLOG 1
| #define HAVE_SIGACTION 1
| #define HAVE_WAITPID 1
| #define HAVE_WAIT3 1
| #define HAVE_POSIX_SPAWN 1
| #define HAVE_GETGROUPLIST 1
| #define HAVE_TM_GMTOFF 1
| #define HAVE_LIBUSB 1
| #define HAVE_LIBZ 1
| #define HAVE_INFLATECOPY 1
| #define CUPS_DEFAULT_PRINTOPERATOR_AUTH "@SYSTEM"
| #define CUPS_DEFAULT_SYSTEM_AUTHKEY ""
| #define CUPS_BINDIR "/usr/bin"
| #define CUPS_SBINDIR "/usr/sbin"
| #define CUPS_CACHEDIR "/var/cache/cups"
| #define CUPS_DATADIR "/usr/share/cups"
| #define CUPS_DOCROOT "/usr/share/doc/cups"
| #define CUPS_LOCALEDIR "/usr/share/locale"
| #define CUPS_PKGCONFPATH "/usr/lib/pkgconfig"
| #define CUPS_LOGDIR "/var/log/cups"
| #define CUPS_REQUESTS "/var/spool/cups"
| #define CUPS_SERVERBIN "/usr/lib/cups"
| #define CUPS_SERVERROOT "/etc/cups"
| #define CUPS_STATEDIR "/var/run/cups"
| #define HAVE_RESOLV_H 1
| #define HAVE_GETIFADDRS 1
| #define HAVE_HSTRERROR 1
| #define HAVE_RRESVPORT_AF 1
| #define HAVE_RES_INIT 1
| #define HAVE_GETADDRINFO 1
| #define HAVE_GETNAMEINFO 1
| /* end confdefs.h.  */
| #include <sys/socket.h>
| 
| int
| main (void)
| {
| static struct sockaddr ac_aggr;
| if (sizeof ac_aggr.sa_len)
| return 0;
|   ;
|   return 0;
| }
configure:8970: result: no
configure:8977: checking for sys/sockio.h
configure:8977: gcc -c  -I/usr/include/libusb-1.0 -D_FORTIFY_SOURCE=2  conftest.c >&5
conftest.c:102:10: fatal error: sys/sockio.h: No such file or directory
  102 | #include <sys/sockio.h>
      |          ^~~~~~~~~~~~~~
compilation terminated.
configure:8977: $? = 1
configure: failed program was:
| /* confdefs.h */
| #define PACKAGE_NAME "CUPS"
| #define PACKAGE_TARNAME "cups"
| #define PACKAGE_VERSION "2.4.0"
| #define PACKAGE_STRING "CUPS 2.4.0"
| #define PACKAGE_BUGREPORT "https://github.com/openprinting/cups/issues"
| #define PACKAGE_URL "https://openprinting.github.io/cups"
| #define CUPS_SVERSION "CUPS v2.4.0"
| #define CUPS_MINIMAL "CUPS/2.4.0"
| #define HAVE_ABS 1
| #define HAVE_STDIO_H 1
| #define HAVE_STDLIB_H 1
| #define HAVE_STRING_H 1
| #define HAVE_INTTYPES_H 1
| #define HAVE_STDINT_H 1
| #define HAVE_STRINGS_H 1
| #define HAVE_SYS_STAT_H 1
| #define HAVE_SYS_TYPES_H 1
| #define HAVE_UNISTD_H 1
| #define STDC_HEADERS 1
| #define HAVE_CRYPT_H 1
| #define HAVE_LANGINFO_H 1
| #define HAVE_MALLOC_H 1
| #define HAVE_SHADOW_H 1
| #define HAVE_STDINT_H 1
| #define HAVE_SYS_IOCTL_H 1
| #define HAVE_SYS_PARAM_H 1
| #define HAVE_ICONV_H 1
| #define HAVE_SYS_MOUNT_H 1
| #define HAVE_SYS_STATFS_H 1
| #define HAVE_SYS_STATVFS_H 1
| #define HAVE_SYS_VFS_H 1
| #define HAVE_STATFS 1
| #define HAVE_STATVFS 1
| #define HAVE_STRDUP 1
| #define HAVE_SNPRINTF 1
| #define HAVE_VSNPRINTF 1
| #define HAVE_RANDOM 1
| #define HAVE_LRAND48 1
| #define HAVE_GETEUID 1
| #define HAVE_SETPGID 1
| #define HAVE_VSYSLOG 1
| #define HAVE_SIGACTION 1
| #define HAVE_WAITPID 1
| #define HAVE_WAIT3 1
| #define HAVE_POSIX_SPAWN 1
| #define HAVE_GETGROUPLIST 1
| #define HAVE_TM_GMTOFF 1
| #define HAVE_LIBUSB 1
| #define HAVE_LIBZ 1
| #define HAVE_INFLATECOPY 1
| #define CUPS_DEFAULT_PRINTOPERATOR_AUTH "@SYSTEM"
| #define CUPS_DEFAULT_SYSTEM_AUTHKEY ""
| #define CUPS_BINDIR "/usr/bin"
| #define CUPS_SBINDIR "/usr/sbin"
| #define CUPS_CACHEDIR "/var/cache/cups"
| #define CUPS_DATADIR "/usr/share/cups"
| #define CUPS_DOCROOT "/usr/share/doc/cups"
| #define CUPS_LOCALEDIR "/usr/share/locale"
| #define CUPS_PKGCONFPATH "/usr/lib/pkgconfig"
| #define CUPS_LOGDIR "/var/log/cups"
| #define CUPS_REQUESTS "/var/spool/cups"
| #define CUPS_SERVERBIN "/usr/lib/cups"
| #define CUPS_SERVERROOT "/etc/cups"
| #define CUPS_STATEDIR "/var/run/cups"
| #define HAVE_RESOLV_H 1
| #define HAVE_GETIFADDRS 1
| #define HAVE_HSTRERROR 1
| #define HAVE_RRESVPORT_AF 1
| #define HAVE_RES_INIT 1
| #define HAVE_GETADDRINFO 1
| #define HAVE_GETNAMEINFO 1
| /* end confdefs.h.  */
| #include <stddef.h>
| #ifdef HAVE_STDIO_H
| # include <stdio.h>
| #endif
| #ifdef HAVE_STDLIB_H
| # include <stdlib.h>
| #endif
| #ifdef HAVE_STRING_H
| # include <string.h>
| #endif
| #ifdef HAVE_INTTYPES_H
| # include <inttypes.h>
| #endif
| #ifdef HAVE_STDINT_H
| # include <stdint.h>
| #endif
| #ifdef HAVE_STRINGS_H
| # include <strings.h>
| #endif
| #ifdef HAVE_SYS_TYPES_H
| # include <sys/types.h>
| #endif
| #ifdef HAVE_SYS_STAT_H
| # include <sys/stat.h>
| #endif
| #ifdef HAVE_UNISTD_H
| # include <unistd.h>
| #endif
| #include <sys/sockio.h>
configure:8977: result: no
configure:9047: checking for poll
configure:9047: gcc -o conftest  -I/usr/include/libusb-1.0 -D_FORTIFY_SOURCE=2   conftest.c -lm -lcrypt   -lz >&5
configure:9047: $? = 0
configure:9047: result: yes
configure:9057: checking for epoll_create
configure:9057: gcc -o conftest  -I/usr/include/libusb-1.0 -D_FORTIFY_SOURCE=2   conftest.c -lm -lcrypt   -lz >&5
configure:9057: $? = 0
configure:9057: result: yes
configure:9067: checking for kqueue
configure:9067: gcc -o conftest  -I/usr/include/libusb-1.0 -D_FORTIFY_SOURCE=2   conftest.c -lm -lcrypt   -lz >&5
/usr/bin/ld: /tmp/ccTjil1u.o: in function `main':
conftest.c:(.text+0xe): undefined reference to `kqueue'
collect2: error: ld returned 1 exit status
configure:9067: $? = 1
configure: failed program was:
| /* confdefs.h */
| #define PACKAGE_NAME "CUPS"
| #define PACKAGE_TARNAME "cups"
| #define PACKAGE_VERSION "2.4.0"
| #define PACKAGE_STRING "CUPS 2.4.0"
| #define PACKAGE_BUGREPORT "https://github.com/openprinting/cups/issues"
| #define PACKAGE_URL "https://openprinting.github.io/cups"
| #define CUPS_SVERSION "CUPS v2.4.0"
| #define CUPS_MINIMAL "CUPS/2.4.0"
| #define HAVE_ABS 1
| #define HAVE_STDIO_H 1
| #define HAVE_STDLIB_H 1
| #define HAVE_STRING_H 1
| #define HAVE_INTTYPES_H 1
| #define HAVE_STDINT_H 1
| #define HAVE_STRINGS_H 1
| #define HAVE_SYS_STAT_H 1
| #define HAVE_SYS_TYPES_H 1
| #define HAVE_UNISTD_H 1
| #define STDC_HEADERS 1
| #define HAVE_CRYPT_H 1
| #define HAVE_LANGINFO_H 1
| #define HAVE_MALLOC_H 1
| #define HAVE_SHADOW_H 1
| #define HAVE_STDINT_H 1
| #define HAVE_SYS_IOCTL_H 1
| #define HAVE_SYS_PARAM_H 1
| #define HAVE_ICONV_H 1
| #define HAVE_SYS_MOUNT_H 1
| #define HAVE_SYS_STATFS_H 1
| #define HAVE_SYS_STATVFS_H 1
| #define HAVE_SYS_VFS_H 1
| #define HAVE_STATFS 1
| #define HAVE_STATVFS 1
| #define HAVE_STRDUP 1
| #define HAVE_SNPRINTF 1
| #define HAVE_VSNPRINTF 1
| #define HAVE_RANDOM 1
| #define HAVE_LRAND48 1
| #define HAVE_GETEUID 1
| #define HAVE_SETPGID 1
| #define HAVE_VSYSLOG 1
| #define HAVE_SIGACTION 1
| #define HAVE_WAITPID 1
| #define HAVE_WAIT3 1
| #define HAVE_POSIX_SPAWN 1
| #define HAVE_GETGROUPLIST 1
| #define HAVE_TM_GMTOFF 1
| #define HAVE_LIBUSB 1
| #define HAVE_LIBZ 1
| #define HAVE_INFLATECOPY 1
| #define CUPS_DEFAULT_PRINTOPERATOR_AUTH "@SYSTEM"
| #define CUPS_DEFAULT_SYSTEM_AUTHKEY ""
| #define CUPS_BINDIR "/usr/bin"
| #define CUPS_SBINDIR "/usr/sbin"
| #define CUPS_CACHEDIR "/var/cache/cups"
| #define CUPS_DATADIR "/usr/share/cups"
| #define CUPS_DOCROOT "/usr/share/doc/cups"
| #define CUPS_LOCALEDIR "/usr/share/locale"
| #define CUPS_PKGCONFPATH "/usr/lib/pkgconfig"
| #define CUPS_LOGDIR "/var/log/cups"
| #define CUPS_REQUESTS "/var/spool/cups"
| #define CUPS_SERVERBIN "/usr/lib/cups"
| #define CUPS_SERVERROOT "/etc/cups"
| #define CUPS_STATEDIR "/var/run/cups"
| #define HAVE_RESOLV_H 1
| #define HAVE_GETIFADDRS 1
| #define HAVE_HSTRERROR 1
| #define HAVE_RRESVPORT_AF 1
| #define HAVE_RES_INIT 1
| #define HAVE_GETADDRINFO 1
| #define HAVE_GETNAMEINFO 1
| #define CUPS_DEFAULT_DOMAINSOCKET "/var/run/cups/cups.sock"
| #define HAVE_POLL 1
| #define HAVE_EPOLL 1
| /* end confdefs.h.  */
| /* Define kqueue to an innocuous variant, in case <limits.h> declares kqueue.
|    For example, HP-UX 11i <limits.h> declares gettimeofday.  */
| #define kqueue innocuous_kqueue
| 
| /* System header to define __stub macros and hopefully few prototypes,
|    which can conflict with char kqueue (); below.  */
| 
| #include <limits.h>
| #undef kqueue
| 
| /* Override any GCC internal prototype to avoid an error.
|    Use char because int might match the return type of a GCC
|    builtin and then its argument prototype would still apply.  */
| #ifdef __cplusplus
| extern "C"
| #endif
| char kqueue ();
| /* The GNU C library defines this for functions which it implements
|     to always fail with ENOSYS.  Some functions are actually named
|     something starting with __ and the normal name is an alias.  */
| #if defined __stub_kqueue || defined __stub___kqueue
| choke me
| #endif
| 
| int
| main (void)
| {
| return kqueue ();
|   ;
|   return 0;
| }
configure:9067: result: no
configure:9541: checking for pthread.h
configure:9541: gcc -c  -I/usr/include/libusb-1.0 -D_FORTIFY_SOURCE=2  conftest.c >&5
configure:9541: $? = 0
configure:9541: result: yes
configure:9556: checking for pthread_create using -lpthreads
configure:9575: gcc -o conftest  -I/usr/include/libusb-1.0 -D_FORTIFY_SOURCE=2   conftest.c -lpthreads -lm -lcrypt   -lz >&5
conftest.c: In function 'main':
conftest.c:85:3: warning: null argument where non-null required (argument 1) [-Wnonnull]
   85 |   pthread_create(0, 0, 0, 0);
      |   ^~~~~~~~~~~~~~
conftest.c:85:3: warning: null argument where non-null required (argument 3) [-Wnonnull]
/usr/bin/ld: cannot find -lpthreads
collect2: error: ld returned 1 exit status
configure:9575: $? = 1
configure: failed program was:
| /* confdefs.h */
| #define PACKAGE_NAME "CUPS"
| #define PACKAGE_TARNAME "cups"
| #define PACKAGE_VERSION "2.4.0"
| #define PACKAGE_STRING "CUPS 2.4.0"
| #define PACKAGE_BUGREPORT "https://github.com/openprinting/cups/issues"
| #define PACKAGE_URL "https://openprinting.github.io/cups"
| #define CUPS_SVERSION "CUPS v2.4.0"
| #define CUPS_MINIMAL "CUPS/2.4.0"
| #define HAVE_ABS 1
| #define HAVE_STDIO_H 1
| #define HAVE_STDLIB_H 1
| #define HAVE_STRING_H 1
| #define HAVE_INTTYPES_H 1
| #define HAVE_STDINT_H 1
| #define HAVE_STRINGS_H 1
| #define HAVE_SYS_STAT_H 1
| #define HAVE_SYS_TYPES_H 1
| #define HAVE_UNISTD_H 1
| #define STDC_HEADERS 1
| #define HAVE_CRYPT_H 1
| #define HAVE_LANGINFO_H 1
| #define HAVE_MALLOC_H 1
| #define HAVE_SHADOW_H 1
| #define HAVE_STDINT_H 1
| #define HAVE_SYS_IOCTL_H 1
| #define HAVE_SYS_PARAM_H 1
| #define HAVE_ICONV_H 1
| #define HAVE_SYS_MOUNT_H 1
| #define HAVE_SYS_STATFS_H 1
| #define HAVE_SYS_STATVFS_H 1
| #define HAVE_SYS_VFS_H 1
| #define HAVE_STATFS 1
| #define HAVE_STATVFS 1
| #define HAVE_STRDUP 1
| #define HAVE_SNPRINTF 1
| #define HAVE_VSNPRINTF 1
| #define HAVE_RANDOM 1
| #define HAVE_LRAND48 1
| #define HAVE_GETEUID 1
| #define HAVE_SETPGID 1
| #define HAVE_VSYSLOG 1
| #define HAVE_SIGACTION 1
| #define HAVE_WAITPID 1
| #define HAVE_WAIT3 1
| #define HAVE_POSIX_SPAWN 1
| #define HAVE_GETGROUPLIST 1
| #define HAVE_TM_GMTOFF 1
| #define HAVE_LIBUSB 1
| #define HAVE_LIBZ 1
| #define HAVE_INFLATECOPY 1
| #define CUPS_DEFAULT_PRINTOPERATOR_AUTH "@SYSTEM"
| #define CUPS_DEFAULT_SYSTEM_AUTHKEY ""
| #define CUPS_BINDIR "/usr/bin"
| #define CUPS_SBINDIR "/usr/sbin"
| #define CUPS_CACHEDIR "/var/cache/cups"
| #define CUPS_DATADIR "/usr/share/cups"
| #define CUPS_DOCROOT "/usr/share/doc/cups"
| #define CUPS_LOCALEDIR "/usr/share/locale"
| #define CUPS_PKGCONFPATH "/usr/lib/pkgconfig"
| #define CUPS_LOGDIR "/var/log/cups"
| #define CUPS_REQUESTS "/var/spool/cups"
| #define CUPS_SERVERBIN "/usr/lib/cups"
| #define CUPS_SERVERROOT "/etc/cups"
| #define CUPS_STATEDIR "/var/run/cups"
| #define HAVE_RESOLV_H 1
| #define HAVE_GETIFADDRS 1
| #define HAVE_HSTRERROR 1
| #define HAVE_RRESVPORT_AF 1
| #define HAVE_RES_INIT 1
| #define HAVE_GETADDRINFO 1
| #define HAVE_GETNAMEINFO 1
| #define CUPS_DEFAULT_DOMAINSOCKET "/var/run/cups/cups.sock"
| #define HAVE_POLL 1
| #define HAVE_EPOLL 1
| #define CUPS_DEFAULT_GSSSERVICENAME "host"
| #define HAVE_PTHREAD_H 1
| /* end confdefs.h.  */
| 
| 	    #include <pthread.h>
| int
| main (void)
| {
| 
| 		pthread_create(0, 0, 0, 0);
| 
|   ;
|   return 0;
| }
| 
configure:9587: result: no
configure:9556: checking for pthread_create using -lpthread
configure:9575: gcc -o conftest  -I/usr/include/libusb-1.0 -D_FORTIFY_SOURCE=2   conftest.c -lpthread -lm -lcrypt   -lz >&5
conftest.c: In function 'main':
conftest.c:85:3: warning: null argument where non-null required (argument 1) [-Wnonnull]
   85 |   pthread_create(0, 0, 0, 0);
      |   ^~~~~~~~~~~~~~
conftest.c:85:3: warning: null argument where non-null required (argument 3) [-Wnonnull]
configure:9575: $? = 0
configure:9587: result: yes
configure:9759: checking for libgnutls-config
configure:9797: result: no
configure:9819: checking for gnutls package
configure:9824: result: yes
configure:9870: checking for gnutls_transport_set_pull_timeout_function
configure:9870: gcc -o conftest  -I/usr/include/libusb-1.0 -D_FORTIFY_SOURCE=2   conftest.c -lpthread -lm -lcrypt   -lz -lgnutls >&5
configure:9870: $? = 0
configure:9870: result: yes
configure:9880: checking for gnutls_priority_set_direct
configure:9880: gcc -o conftest  -I/usr/include/libusb-1.0 -D_FORTIFY_SOURCE=2   conftest.c -lpthread -lm -lcrypt   -lz -lgnutls >&5
configure:9880: $? = 0
configure:9880: result: yes
configure:9905:     Using TLSLIBS="-lgnutls"
configure:9907:     Using TLSFLAGS="-I/usr/include/p11-kit-1"
configure:9952: checking for dlopen in -ldl
configure:9975: gcc -o conftest  -I/usr/include/libusb-1.0 -D_FORTIFY_SOURCE=2   conftest.c -ldl  -lpthread -lm -lcrypt   -lz >&5
configure:9975: $? = 0
configure:9985: result: yes
configure:9995: checking for pam_start in -lpam
configure:10018: gcc -o conftest  -I/usr/include/libusb-1.0 -D_FORTIFY_SOURCE=2   conftest.c -lpam  -ldl -lpthread -lm -lcrypt   -lz >&5
/usr/bin/ld: cannot find -lpam
collect2: error: ld returned 1 exit status
configure:10018: $? = 1
configure: failed program was:
| /* confdefs.h */
| #define PACKAGE_NAME "CUPS"
| #define PACKAGE_TARNAME "cups"
| #define PACKAGE_VERSION "2.4.0"
| #define PACKAGE_STRING "CUPS 2.4.0"
| #define PACKAGE_BUGREPORT "https://github.com/openprinting/cups/issues"
| #define PACKAGE_URL "https://openprinting.github.io/cups"
| #define CUPS_SVERSION "CUPS v2.4.0"
| #define CUPS_MINIMAL "CUPS/2.4.0"
| #define HAVE_ABS 1
| #define HAVE_STDIO_H 1
| #define HAVE_STDLIB_H 1
| #define HAVE_STRING_H 1
| #define HAVE_INTTYPES_H 1
| #define HAVE_STDINT_H 1
| #define HAVE_STRINGS_H 1
| #define HAVE_SYS_STAT_H 1
| #define HAVE_SYS_TYPES_H 1
| #define HAVE_UNISTD_H 1
| #define STDC_HEADERS 1
| #define HAVE_CRYPT_H 1
| #define HAVE_LANGINFO_H 1
| #define HAVE_MALLOC_H 1
| #define HAVE_SHADOW_H 1
| #define HAVE_STDINT_H 1
| #define HAVE_SYS_IOCTL_H 1
| #define HAVE_SYS_PARAM_H 1
| #define HAVE_ICONV_H 1
| #define HAVE_SYS_MOUNT_H 1
| #define HAVE_SYS_STATFS_H 1
| #define HAVE_SYS_STATVFS_H 1
| #define HAVE_SYS_VFS_H 1
| #define HAVE_STATFS 1
| #define HAVE_STATVFS 1
| #define HAVE_STRDUP 1
| #define HAVE_SNPRINTF 1
| #define HAVE_VSNPRINTF 1
| #define HAVE_RANDOM 1
| #define HAVE_LRAND48 1
| #define HAVE_GETEUID 1
| #define HAVE_SETPGID 1
| #define HAVE_VSYSLOG 1
| #define HAVE_SIGACTION 1
| #define HAVE_WAITPID 1
| #define HAVE_WAIT3 1
| #define HAVE_POSIX_SPAWN 1
| #define HAVE_GETGROUPLIST 1
| #define HAVE_TM_GMTOFF 1
| #define HAVE_LIBUSB 1
| #define HAVE_LIBZ 1
| #define HAVE_INFLATECOPY 1
| #define CUPS_DEFAULT_PRINTOPERATOR_AUTH "@SYSTEM"
| #define CUPS_DEFAULT_SYSTEM_AUTHKEY ""
| #define CUPS_BINDIR "/usr/bin"
| #define CUPS_SBINDIR "/usr/sbin"
| #define CUPS_CACHEDIR "/var/cache/cups"
| #define CUPS_DATADIR "/usr/share/cups"
| #define CUPS_DOCROOT "/usr/share/doc/cups"
| #define CUPS_LOCALEDIR "/usr/share/locale"
| #define CUPS_PKGCONFPATH "/usr/lib/pkgconfig"
| #define CUPS_LOGDIR "/var/log/cups"
| #define CUPS_REQUESTS "/var/spool/cups"
| #define CUPS_SERVERBIN "/usr/lib/cups"
| #define CUPS_SERVERROOT "/etc/cups"
| #define CUPS_STATEDIR "/var/run/cups"
| #define HAVE_RESOLV_H 1
| #define HAVE_GETIFADDRS 1
| #define HAVE_HSTRERROR 1
| #define HAVE_RRESVPORT_AF 1
| #define HAVE_RES_INIT 1
| #define HAVE_GETADDRINFO 1
| #define HAVE_GETNAMEINFO 1
| #define CUPS_DEFAULT_DOMAINSOCKET "/var/run/cups/cups.sock"
| #define HAVE_POLL 1
| #define HAVE_EPOLL 1
| #define CUPS_DEFAULT_GSSSERVICENAME "host"
| #define HAVE_PTHREAD_H 1
| #define HAVE_TLS 1
| #define HAVE_GNUTLS 1
| #define HAVE_GNUTLS_TRANSPORT_SET_PULL_TIMEOUT_FUNCTION 1
| #define HAVE_GNUTLS_PRIORITY_SET_DIRECT 1
| #define HAVE_LIBDL 1
| /* end confdefs.h.  */
| 
| /* Override any GCC internal prototype to avoid an error.
|    Use char because int might match the return type of a GCC
|    builtin and then its argument prototype would still apply.  */
| char pam_start ();
| int
| main (void)
| {
| return pam_start ();
|   ;
|   return 0;
| }
configure:10028: result: no
configure:10038: checking for pam_set_item in -lpam
configure:10061: gcc -o conftest  -I/usr/include/libusb-1.0 -D_FORTIFY_SOURCE=2   conftest.c -lpam  -ldl -lpthread -lm -lcrypt   -lz >&5
/usr/bin/ld: cannot find -lpam
collect2: error: ld returned 1 exit status
configure:10061: $? = 1
configure: failed program was:
| /* confdefs.h */
| #define PACKAGE_NAME "CUPS"
| #define PACKAGE_TARNAME "cups"
| #define PACKAGE_VERSION "2.4.0"
| #define PACKAGE_STRING "CUPS 2.4.0"
| #define PACKAGE_BUGREPORT "https://github.com/openprinting/cups/issues"
| #define PACKAGE_URL "https://openprinting.github.io/cups"
| #define CUPS_SVERSION "CUPS v2.4.0"
| #define CUPS_MINIMAL "CUPS/2.4.0"
| #define HAVE_ABS 1
| #define HAVE_STDIO_H 1
| #define HAVE_STDLIB_H 1
| #define HAVE_STRING_H 1
| #define HAVE_INTTYPES_H 1
| #define HAVE_STDINT_H 1
| #define HAVE_STRINGS_H 1
| #define HAVE_SYS_STAT_H 1
| #define HAVE_SYS_TYPES_H 1
| #define HAVE_UNISTD_H 1
| #define STDC_HEADERS 1
| #define HAVE_CRYPT_H 1
| #define HAVE_LANGINFO_H 1
| #define HAVE_MALLOC_H 1
| #define HAVE_SHADOW_H 1
| #define HAVE_STDINT_H 1
| #define HAVE_SYS_IOCTL_H 1
| #define HAVE_SYS_PARAM_H 1
| #define HAVE_ICONV_H 1
| #define HAVE_SYS_MOUNT_H 1
| #define HAVE_SYS_STATFS_H 1
| #define HAVE_SYS_STATVFS_H 1
| #define HAVE_SYS_VFS_H 1
| #define HAVE_STATFS 1
| #define HAVE_STATVFS 1
| #define HAVE_STRDUP 1
| #define HAVE_SNPRINTF 1
| #define HAVE_VSNPRINTF 1
| #define HAVE_RANDOM 1
| #define HAVE_LRAND48 1
| #define HAVE_GETEUID 1
| #define HAVE_SETPGID 1
| #define HAVE_VSYSLOG 1
| #define HAVE_SIGACTION 1
| #define HAVE_WAITPID 1
| #define HAVE_WAIT3 1
| #define HAVE_POSIX_SPAWN 1
| #define HAVE_GETGROUPLIST 1
| #define HAVE_TM_GMTOFF 1
| #define HAVE_LIBUSB 1
| #define HAVE_LIBZ 1
| #define HAVE_INFLATECOPY 1
| #define CUPS_DEFAULT_PRINTOPERATOR_AUTH "@SYSTEM"
| #define CUPS_DEFAULT_SYSTEM_AUTHKEY ""
| #define CUPS_BINDIR "/usr/bin"
| #define CUPS_SBINDIR "/usr/sbin"
| #define CUPS_CACHEDIR "/var/cache/cups"
| #define CUPS_DATADIR "/usr/share/cups"
| #define CUPS_DOCROOT "/usr/share/doc/cups"
| #define CUPS_LOCALEDIR "/usr/share/locale"
| #define CUPS_PKGCONFPATH "/usr/lib/pkgconfig"
| #define CUPS_LOGDIR "/var/log/cups"
| #define CUPS_REQUESTS "/var/spool/cups"
| #define CUPS_SERVERBIN "/usr/lib/cups"
| #define CUPS_SERVERROOT "/etc/cups"
| #define CUPS_STATEDIR "/var/run/cups"
| #define HAVE_RESOLV_H 1
| #define HAVE_GETIFADDRS 1
| #define HAVE_HSTRERROR 1
| #define HAVE_RRESVPORT_AF 1
| #define HAVE_RES_INIT 1
| #define HAVE_GETADDRINFO 1
| #define HAVE_GETNAMEINFO 1
| #define CUPS_DEFAULT_DOMAINSOCKET "/var/run/cups/cups.sock"
| #define HAVE_POLL 1
| #define HAVE_EPOLL 1
| #define CUPS_DEFAULT_GSSSERVICENAME "host"
| #define HAVE_PTHREAD_H 1
| #define HAVE_TLS 1
| #define HAVE_GNUTLS 1
| #define HAVE_GNUTLS_TRANSPORT_SET_PULL_TIMEOUT_FUNCTION 1
| #define HAVE_GNUTLS_PRIORITY_SET_DIRECT 1
| #define HAVE_LIBDL 1
| /* end confdefs.h.  */
| 
| /* Override any GCC internal prototype to avoid an error.
|    Use char because int might match the return type of a GCC
|    builtin and then its argument prototype would still apply.  */
| char pam_set_item ();
| int
| main (void)
| {
| return pam_set_item ();
|   ;
|   return 0;
| }
configure:10071: result: no
configure:10082: checking for pam_setcred in -lpam
configure:10105: gcc -o conftest  -I/usr/include/libusb-1.0 -D_FORTIFY_SOURCE=2   conftest.c -lpam  -ldl -lpthread -lm -lcrypt   -lz >&5
/usr/bin/ld: cannot find -lpam
collect2: error: ld returned 1 exit status
configure:10105: $? = 1
configure: failed program was:
| /* confdefs.h */
| #define PACKAGE_NAME "CUPS"
| #define PACKAGE_TARNAME "cups"
| #define PACKAGE_VERSION "2.4.0"
| #define PACKAGE_STRING "CUPS 2.4.0"
| #define PACKAGE_BUGREPORT "https://github.com/openprinting/cups/issues"
| #define PACKAGE_URL "https://openprinting.github.io/cups"
| #define CUPS_SVERSION "CUPS v2.4.0"
| #define CUPS_MINIMAL "CUPS/2.4.0"
| #define HAVE_ABS 1
| #define HAVE_STDIO_H 1
| #define HAVE_STDLIB_H 1
| #define HAVE_STRING_H 1
| #define HAVE_INTTYPES_H 1
| #define HAVE_STDINT_H 1
| #define HAVE_STRINGS_H 1
| #define HAVE_SYS_STAT_H 1
| #define HAVE_SYS_TYPES_H 1
| #define HAVE_UNISTD_H 1
| #define STDC_HEADERS 1
| #define HAVE_CRYPT_H 1
| #define HAVE_LANGINFO_H 1
| #define HAVE_MALLOC_H 1
| #define HAVE_SHADOW_H 1
| #define HAVE_STDINT_H 1
| #define HAVE_SYS_IOCTL_H 1
| #define HAVE_SYS_PARAM_H 1
| #define HAVE_ICONV_H 1
| #define HAVE_SYS_MOUNT_H 1
| #define HAVE_SYS_STATFS_H 1
| #define HAVE_SYS_STATVFS_H 1
| #define HAVE_SYS_VFS_H 1
| #define HAVE_STATFS 1
| #define HAVE_STATVFS 1
| #define HAVE_STRDUP 1
| #define HAVE_SNPRINTF 1
| #define HAVE_VSNPRINTF 1
| #define HAVE_RANDOM 1
| #define HAVE_LRAND48 1
| #define HAVE_GETEUID 1
| #define HAVE_SETPGID 1
| #define HAVE_VSYSLOG 1
| #define HAVE_SIGACTION 1
| #define HAVE_WAITPID 1
| #define HAVE_WAIT3 1
| #define HAVE_POSIX_SPAWN 1
| #define HAVE_GETGROUPLIST 1
| #define HAVE_TM_GMTOFF 1
| #define HAVE_LIBUSB 1
| #define HAVE_LIBZ 1
| #define HAVE_INFLATECOPY 1
| #define CUPS_DEFAULT_PRINTOPERATOR_AUTH "@SYSTEM"
| #define CUPS_DEFAULT_SYSTEM_AUTHKEY ""
| #define CUPS_BINDIR "/usr/bin"
| #define CUPS_SBINDIR "/usr/sbin"
| #define CUPS_CACHEDIR "/var/cache/cups"
| #define CUPS_DATADIR "/usr/share/cups"
| #define CUPS_DOCROOT "/usr/share/doc/cups"
| #define CUPS_LOCALEDIR "/usr/share/locale"
| #define CUPS_PKGCONFPATH "/usr/lib/pkgconfig"
| #define CUPS_LOGDIR "/var/log/cups"
| #define CUPS_REQUESTS "/var/spool/cups"
| #define CUPS_SERVERBIN "/usr/lib/cups"
| #define CUPS_SERVERROOT "/etc/cups"
| #define CUPS_STATEDIR "/var/run/cups"
| #define HAVE_RESOLV_H 1
| #define HAVE_GETIFADDRS 1
| #define HAVE_HSTRERROR 1
| #define HAVE_RRESVPORT_AF 1
| #define HAVE_RES_INIT 1
| #define HAVE_GETADDRINFO 1
| #define HAVE_GETNAMEINFO 1
| #define CUPS_DEFAULT_DOMAINSOCKET "/var/run/cups/cups.sock"
| #define HAVE_POLL 1
| #define HAVE_EPOLL 1
| #define CUPS_DEFAULT_GSSSERVICENAME "host"
| #define HAVE_PTHREAD_H 1
| #define HAVE_TLS 1
| #define HAVE_GNUTLS 1
| #define HAVE_GNUTLS_TRANSPORT_SET_PULL_TIMEOUT_FUNCTION 1
| #define HAVE_GNUTLS_PRIORITY_SET_DIRECT 1
| #define HAVE_LIBDL 1
| /* end confdefs.h.  */
| 
| /* Override any GCC internal prototype to avoid an error.
|    Use char because int might match the return type of a GCC
|    builtin and then its argument prototype would still apply.  */
| char pam_setcred ();
| int
| main (void)
| {
| return pam_setcred ();
|   ;
|   return 0;
| }
configure:10115: result: no
configure:10126: checking for security/pam_appl.h
configure:10126: gcc -c  -I/usr/include/libusb-1.0 -D_FORTIFY_SOURCE=2  conftest.c >&5
conftest.c:112:10: fatal error: security/pam_appl.h: No such file or directory
  112 | #include <security/pam_appl.h>
      |          ^~~~~~~~~~~~~~~~~~~~~
compilation terminated.
configure:10126: $? = 1
configure: failed program was:
| /* confdefs.h */
| #define PACKAGE_NAME "CUPS"
| #define PACKAGE_TARNAME "cups"
| #define PACKAGE_VERSION "2.4.0"
| #define PACKAGE_STRING "CUPS 2.4.0"
| #define PACKAGE_BUGREPORT "https://github.com/openprinting/cups/issues"
| #define PACKAGE_URL "https://openprinting.github.io/cups"
| #define CUPS_SVERSION "CUPS v2.4.0"
| #define CUPS_MINIMAL "CUPS/2.4.0"
| #define HAVE_ABS 1
| #define HAVE_STDIO_H 1
| #define HAVE_STDLIB_H 1
| #define HAVE_STRING_H 1
| #define HAVE_INTTYPES_H 1
| #define HAVE_STDINT_H 1
| #define HAVE_STRINGS_H 1
| #define HAVE_SYS_STAT_H 1
| #define HAVE_SYS_TYPES_H 1
| #define HAVE_UNISTD_H 1
| #define STDC_HEADERS 1
| #define HAVE_CRYPT_H 1
| #define HAVE_LANGINFO_H 1
| #define HAVE_MALLOC_H 1
| #define HAVE_SHADOW_H 1
| #define HAVE_STDINT_H 1
| #define HAVE_SYS_IOCTL_H 1
| #define HAVE_SYS_PARAM_H 1
| #define HAVE_ICONV_H 1
| #define HAVE_SYS_MOUNT_H 1
| #define HAVE_SYS_STATFS_H 1
| #define HAVE_SYS_STATVFS_H 1
| #define HAVE_SYS_VFS_H 1
| #define HAVE_STATFS 1
| #define HAVE_STATVFS 1
| #define HAVE_STRDUP 1
| #define HAVE_SNPRINTF 1
| #define HAVE_VSNPRINTF 1
| #define HAVE_RANDOM 1
| #define HAVE_LRAND48 1
| #define HAVE_GETEUID 1
| #define HAVE_SETPGID 1
| #define HAVE_VSYSLOG 1
| #define HAVE_SIGACTION 1
| #define HAVE_WAITPID 1
| #define HAVE_WAIT3 1
| #define HAVE_POSIX_SPAWN 1
| #define HAVE_GETGROUPLIST 1
| #define HAVE_TM_GMTOFF 1
| #define HAVE_LIBUSB 1
| #define HAVE_LIBZ 1
| #define HAVE_INFLATECOPY 1
| #define CUPS_DEFAULT_PRINTOPERATOR_AUTH "@SYSTEM"
| #define CUPS_DEFAULT_SYSTEM_AUTHKEY ""
| #define CUPS_BINDIR "/usr/bin"
| #define CUPS_SBINDIR "/usr/sbin"
| #define CUPS_CACHEDIR "/var/cache/cups"
| #define CUPS_DATADIR "/usr/share/cups"
| #define CUPS_DOCROOT "/usr/share/doc/cups"
| #define CUPS_LOCALEDIR "/usr/share/locale"
| #define CUPS_PKGCONFPATH "/usr/lib/pkgconfig"
| #define CUPS_LOGDIR "/var/log/cups"
| #define CUPS_REQUESTS "/var/spool/cups"
| #define CUPS_SERVERBIN "/usr/lib/cups"
| #define CUPS_SERVERROOT "/etc/cups"
| #define CUPS_STATEDIR "/var/run/cups"
| #define HAVE_RESOLV_H 1
| #define HAVE_GETIFADDRS 1
| #define HAVE_HSTRERROR 1
| #define HAVE_RRESVPORT_AF 1
| #define HAVE_RES_INIT 1
| #define HAVE_GETADDRINFO 1
| #define HAVE_GETNAMEINFO 1
| #define CUPS_DEFAULT_DOMAINSOCKET "/var/run/cups/cups.sock"
| #define HAVE_POLL 1
| #define HAVE_EPOLL 1
| #define CUPS_DEFAULT_GSSSERVICENAME "host"
| #define HAVE_PTHREAD_H 1
| #define HAVE_TLS 1
| #define HAVE_GNUTLS 1
| #define HAVE_GNUTLS_TRANSPORT_SET_PULL_TIMEOUT_FUNCTION 1
| #define HAVE_GNUTLS_PRIORITY_SET_DIRECT 1
| #define HAVE_LIBDL 1
| /* end confdefs.h.  */
| #include <stddef.h>
| #ifdef HAVE_STDIO_H
| # include <stdio.h>
| #endif
| #ifdef HAVE_STDLIB_H
| # include <stdlib.h>
| #endif
| #ifdef HAVE_STRING_H
| # include <string.h>
| #endif
| #ifdef HAVE_INTTYPES_H
| # include <inttypes.h>
| #endif
| #ifdef HAVE_STDINT_H
| # include <stdint.h>
| #endif
| #ifdef HAVE_STRINGS_H
| # include <strings.h>
| #endif
| #ifdef HAVE_SYS_TYPES_H
| # include <sys/types.h>
| #endif
| #ifdef HAVE_SYS_STAT_H
| # include <sys/stat.h>
| #endif
| #ifdef HAVE_UNISTD_H
| # include <unistd.h>
| #endif
| #include <security/pam_appl.h>
configure:10126: result: no
configure:10135: checking for pam/pam_appl.h
configure:10135: gcc -c  -I/usr/include/libusb-1.0 -D_FORTIFY_SOURCE=2  conftest.c >&5
conftest.c:112:10: fatal error: pam/pam_appl.h: No such file or directory
  112 | #include <pam/pam_appl.h>
      |          ^~~~~~~~~~~~~~~~
compilation terminated.
configure:10135: $? = 1
configure: failed program was:
| /* confdefs.h */
| #define PACKAGE_NAME "CUPS"
| #define PACKAGE_TARNAME "cups"
| #define PACKAGE_VERSION "2.4.0"
| #define PACKAGE_STRING "CUPS 2.4.0"
| #define PACKAGE_BUGREPORT "https://github.com/openprinting/cups/issues"
| #define PACKAGE_URL "https://openprinting.github.io/cups"
| #define CUPS_SVERSION "CUPS v2.4.0"
| #define CUPS_MINIMAL "CUPS/2.4.0"
| #define HAVE_ABS 1
| #define HAVE_STDIO_H 1
| #define HAVE_STDLIB_H 1
| #define HAVE_STRING_H 1
| #define HAVE_INTTYPES_H 1
| #define HAVE_STDINT_H 1
| #define HAVE_STRINGS_H 1
| #define HAVE_SYS_STAT_H 1
| #define HAVE_SYS_TYPES_H 1
| #define HAVE_UNISTD_H 1
| #define STDC_HEADERS 1
| #define HAVE_CRYPT_H 1
| #define HAVE_LANGINFO_H 1
| #define HAVE_MALLOC_H 1
| #define HAVE_SHADOW_H 1
| #define HAVE_STDINT_H 1
| #define HAVE_SYS_IOCTL_H 1
| #define HAVE_SYS_PARAM_H 1
| #define HAVE_ICONV_H 1
| #define HAVE_SYS_MOUNT_H 1
| #define HAVE_SYS_STATFS_H 1
| #define HAVE_SYS_STATVFS_H 1
| #define HAVE_SYS_VFS_H 1
| #define HAVE_STATFS 1
| #define HAVE_STATVFS 1
| #define HAVE_STRDUP 1
| #define HAVE_SNPRINTF 1
| #define HAVE_VSNPRINTF 1
| #define HAVE_RANDOM 1
| #define HAVE_LRAND48 1
| #define HAVE_GETEUID 1
| #define HAVE_SETPGID 1
| #define HAVE_VSYSLOG 1
| #define HAVE_SIGACTION 1
| #define HAVE_WAITPID 1
| #define HAVE_WAIT3 1
| #define HAVE_POSIX_SPAWN 1
| #define HAVE_GETGROUPLIST 1
| #define HAVE_TM_GMTOFF 1
| #define HAVE_LIBUSB 1
| #define HAVE_LIBZ 1
| #define HAVE_INFLATECOPY 1
| #define CUPS_DEFAULT_PRINTOPERATOR_AUTH "@SYSTEM"
| #define CUPS_DEFAULT_SYSTEM_AUTHKEY ""
| #define CUPS_BINDIR "/usr/bin"
| #define CUPS_SBINDIR "/usr/sbin"
| #define CUPS_CACHEDIR "/var/cache/cups"
| #define CUPS_DATADIR "/usr/share/cups"
| #define CUPS_DOCROOT "/usr/share/doc/cups"
| #define CUPS_LOCALEDIR "/usr/share/locale"
| #define CUPS_PKGCONFPATH "/usr/lib/pkgconfig"
| #define CUPS_LOGDIR "/var/log/cups"
| #define CUPS_REQUESTS "/var/spool/cups"
| #define CUPS_SERVERBIN "/usr/lib/cups"
| #define CUPS_SERVERROOT "/etc/cups"
| #define CUPS_STATEDIR "/var/run/cups"
| #define HAVE_RESOLV_H 1
| #define HAVE_GETIFADDRS 1
| #define HAVE_HSTRERROR 1
| #define HAVE_RRESVPORT_AF 1
| #define HAVE_RES_INIT 1
| #define HAVE_GETADDRINFO 1
| #define HAVE_GETNAMEINFO 1
| #define CUPS_DEFAULT_DOMAINSOCKET "/var/run/cups/cups.sock"
| #define HAVE_POLL 1
| #define HAVE_EPOLL 1
| #define CUPS_DEFAULT_GSSSERVICENAME "host"
| #define HAVE_PTHREAD_H 1
| #define HAVE_TLS 1
| #define HAVE_GNUTLS 1
| #define HAVE_GNUTLS_TRANSPORT_SET_PULL_TIMEOUT_FUNCTION 1
| #define HAVE_GNUTLS_PRIORITY_SET_DIRECT 1
| #define HAVE_LIBDL 1
| /* end confdefs.h.  */
| #include <stddef.h>
| #ifdef HAVE_STDIO_H
| # include <stdio.h>
| #endif
| #ifdef HAVE_STDLIB_H
| # include <stdlib.h>
| #endif
| #ifdef HAVE_STRING_H
| # include <string.h>
| #endif
| #ifdef HAVE_INTTYPES_H
| # include <inttypes.h>
| #endif
| #ifdef HAVE_STDINT_H
| # include <stdint.h>
| #endif
| #ifdef HAVE_STRINGS_H
| # include <strings.h>
| #endif
| #ifdef HAVE_SYS_TYPES_H
| # include <sys/types.h>
| #endif
| #ifdef HAVE_SYS_STAT_H
| # include <sys/stat.h>
| #endif
| #ifdef HAVE_UNISTD_H
| # include <unistd.h>
| #endif
| #include <pam/pam_appl.h>
configure:10135: result: no
configure:10271: checking for special C compiler options needed for large files
configure:10319: result: no
configure:10325: checking for _FILE_OFFSET_BITS value needed for large files
configure:10351: gcc -c  -I/usr/include/libusb-1.0 -D_FORTIFY_SOURCE=2  conftest.c >&5
configure:10351: $? = 0
configure:10385: result: no
configure:10491: checking for long long int
configure:10533: result: yes
configure:10545: checking for strtoll
configure:10545: gcc -o conftest  -I/usr/include/libusb-1.0 -D_FORTIFY_SOURCE=2   conftest.c -lpthread -lm -lcrypt   -lz >&5
configure:10545: $? = 0
configure:10545: result: yes
configure:10604: checking for dns_sd.h
configure:10604: gcc -c  -I/usr/include/libusb-1.0 -D_FORTIFY_SOURCE=2  conftest.c >&5
conftest.c:114:10: fatal error: dns_sd.h: No such file or directory
  114 | #include <dns_sd.h>
      |          ^~~~~~~~~~
compilation terminated.
configure:10604: $? = 1
configure: failed program was:
| /* confdefs.h */
| #define PACKAGE_NAME "CUPS"
| #define PACKAGE_TARNAME "cups"
| #define PACKAGE_VERSION "2.4.0"
| #define PACKAGE_STRING "CUPS 2.4.0"
| #define PACKAGE_BUGREPORT "https://github.com/openprinting/cups/issues"
| #define PACKAGE_URL "https://openprinting.github.io/cups"
| #define CUPS_SVERSION "CUPS v2.4.0"
| #define CUPS_MINIMAL "CUPS/2.4.0"
| #define HAVE_ABS 1
| #define HAVE_STDIO_H 1
| #define HAVE_STDLIB_H 1
| #define HAVE_STRING_H 1
| #define HAVE_INTTYPES_H 1
| #define HAVE_STDINT_H 1
| #define HAVE_STRINGS_H 1
| #define HAVE_SYS_STAT_H 1
| #define HAVE_SYS_TYPES_H 1
| #define HAVE_UNISTD_H 1
| #define STDC_HEADERS 1
| #define HAVE_CRYPT_H 1
| #define HAVE_LANGINFO_H 1
| #define HAVE_MALLOC_H 1
| #define HAVE_SHADOW_H 1
| #define HAVE_STDINT_H 1
| #define HAVE_SYS_IOCTL_H 1
| #define HAVE_SYS_PARAM_H 1
| #define HAVE_ICONV_H 1
| #define HAVE_SYS_MOUNT_H 1
| #define HAVE_SYS_STATFS_H 1
| #define HAVE_SYS_STATVFS_H 1
| #define HAVE_SYS_VFS_H 1
| #define HAVE_STATFS 1
| #define HAVE_STATVFS 1
| #define HAVE_STRDUP 1
| #define HAVE_SNPRINTF 1
| #define HAVE_VSNPRINTF 1
| #define HAVE_RANDOM 1
| #define HAVE_LRAND48 1
| #define HAVE_GETEUID 1
| #define HAVE_SETPGID 1
| #define HAVE_VSYSLOG 1
| #define HAVE_SIGACTION 1
| #define HAVE_WAITPID 1
| #define HAVE_WAIT3 1
| #define HAVE_POSIX_SPAWN 1
| #define HAVE_GETGROUPLIST 1
| #define HAVE_TM_GMTOFF 1
| #define HAVE_LIBUSB 1
| #define HAVE_LIBZ 1
| #define HAVE_INFLATECOPY 1
| #define CUPS_DEFAULT_PRINTOPERATOR_AUTH "@SYSTEM"
| #define CUPS_DEFAULT_SYSTEM_AUTHKEY ""
| #define CUPS_BINDIR "/usr/bin"
| #define CUPS_SBINDIR "/usr/sbin"
| #define CUPS_CACHEDIR "/var/cache/cups"
| #define CUPS_DATADIR "/usr/share/cups"
| #define CUPS_DOCROOT "/usr/share/doc/cups"
| #define CUPS_LOCALEDIR "/usr/share/locale"
| #define CUPS_PKGCONFPATH "/usr/lib/pkgconfig"
| #define CUPS_LOGDIR "/var/log/cups"
| #define CUPS_REQUESTS "/var/spool/cups"
| #define CUPS_SERVERBIN "/usr/lib/cups"
| #define CUPS_SERVERROOT "/etc/cups"
| #define CUPS_STATEDIR "/var/run/cups"
| #define HAVE_RESOLV_H 1
| #define HAVE_GETIFADDRS 1
| #define HAVE_HSTRERROR 1
| #define HAVE_RRESVPORT_AF 1
| #define HAVE_RES_INIT 1
| #define HAVE_GETADDRINFO 1
| #define HAVE_GETNAMEINFO 1
| #define CUPS_DEFAULT_DOMAINSOCKET "/var/run/cups/cups.sock"
| #define HAVE_POLL 1
| #define HAVE_EPOLL 1
| #define CUPS_DEFAULT_GSSSERVICENAME "host"
| #define HAVE_PTHREAD_H 1
| #define HAVE_TLS 1
| #define HAVE_GNUTLS 1
| #define HAVE_GNUTLS_TRANSPORT_SET_PULL_TIMEOUT_FUNCTION 1
| #define HAVE_GNUTLS_PRIORITY_SET_DIRECT 1
| #define HAVE_LIBDL 1
| #define HAVE_LONG_LONG 1
| #define HAVE_STRTOLL 1
| /* end confdefs.h.  */
| #include <stddef.h>
| #ifdef HAVE_STDIO_H
| # include <stdio.h>
| #endif
| #ifdef HAVE_STDLIB_H
| # include <stdlib.h>
| #endif
| #ifdef HAVE_STRING_H
| # include <string.h>
| #endif
| #ifdef HAVE_INTTYPES_H
| # include <inttypes.h>
| #endif
| #ifdef HAVE_STDINT_H
| # include <stdint.h>
| #endif
| #ifdef HAVE_STRINGS_H
| # include <strings.h>
| #endif
| #ifdef HAVE_SYS_TYPES_H
| # include <sys/types.h>
| #endif
| #ifdef HAVE_SYS_STAT_H
| # include <sys/stat.h>
| #endif
| #ifdef HAVE_UNISTD_H
| # include <unistd.h>
| #endif
| #include <dns_sd.h>
configure:10604: result: no
configure:10705: checking for Avahi client
configure:10727: result: no
configure:10789: checking for libapparmor
configure:10960: checking for libsystemd
configure:10993: result: no
configure:11650: checking for default print user
configure:11677: result: lp
configure:11720: checking for default print group
configure:11748: result: lp
configure:11798: checking for default system groups
configure:11832: result: "lpadmin sys root"
configure:12277: creating ./config.status

## ---------------------- ##
## Running config.status. ##
## ---------------------- ##

This file was extended by CUPS config.status 2.4.0, which was
generated by GNU Autoconf 2.71.  Invocation command line was

  CONFIG_FILES    = 
  CONFIG_HEADERS  = 
  CONFIG_LINKS    = 
  CONFIG_COMMANDS = 
  $ ./config.status 

on rishabh

config.status:1055: creating Makedefs
config.status:1055: creating conf/cups-files.conf
config.status:1055: creating conf/cupsd.conf
config.status:1055: creating conf/mime.convs
config.status:1055: creating conf/pam.std
config.status:1055: creating conf/snmp.conf
config.status:1055: creating cups.pc
config.status:1055: creating cups-config
config.status:1055: creating desktop/cups.desktop
config.status:1055: creating doc/index.html
config.status:1055: creating scheduler/cups-lpd.xinetd
config.status:1055: creating scheduler/cups.sh
config.status:1055: creating scheduler/cups.xml
config.status:1055: creating scheduler/org.cups.cups-lpd.plist
config.status:1055: creating scheduler/cups-lpdAT.service
config.status:1055: creating scheduler/cups.path
config.status:1055: creating scheduler/cups.service
config.status:1055: creating scheduler/cups.socket
config.status:1055: creating templates/header.tmpl
config.status:1055: creating packaging/cups.list
config.status:1055: creating doc/da/index.html
config.status:1055: creating templates/da/header.tmpl
config.status:1055: creating doc/de/index.html
config.status:1055: creating templates/de/header.tmpl
config.status:1055: creating doc/es/index.html
config.status:1055: creating templates/es/header.tmpl
config.status:1055: creating doc/fr/index.html
config.status:1055: creating templates/fr/header.tmpl
config.status:1055: creating doc/ja/index.html
config.status:1055: creating templates/ja/header.tmpl
config.status:1055: creating doc/pt_BR/index.html
config.status:1055: creating templates/pt_BR/header.tmpl
config.status:1055: creating doc/ru/index.html
config.status:1055: creating templates/ru/header.tmpl
config.status:1055: creating config.h
config.status:1225: config.h is unchanged

## ---------------- ##
## Cache variables. ##
## ---------------- ##

ac_cv_build=x86_64-unknown-linux-gnu
ac_cv_c_compiler_gnu=yes
ac_cv_c_long_long=yes
ac_cv_cxx_compiler_gnu=yes
ac_cv_env_CCC_set=
ac_cv_env_CCC_value=
ac_cv_env_CC_set=
ac_cv_env_CC_value=
ac_cv_env_CFLAGS_set=
ac_cv_env_CFLAGS_value=
ac_cv_env_CPPFLAGS_set=
ac_cv_env_CPPFLAGS_value=
ac_cv_env_CPP_set=
ac_cv_env_CPP_value=
ac_cv_env_CXXFLAGS_set=
ac_cv_env_CXXFLAGS_value=
ac_cv_env_CXX_set=
ac_cv_env_CXX_value=
ac_cv_env_LDFLAGS_set=
ac_cv_env_LDFLAGS_value=
ac_cv_env_LIBS_set=
ac_cv_env_LIBS_value=
ac_cv_env_build_alias_set=
ac_cv_env_build_alias_value=
ac_cv_env_host_alias_set=
ac_cv_env_host_alias_value=
ac_cv_env_target_alias_set=
ac_cv_env_target_alias_value=
ac_cv_func_arc4random=no
ac_cv_func_epoll_create=yes
ac_cv_func_geteuid=yes
ac_cv_func_getgrouplist=yes
ac_cv_func_gnutls_priority_set_direct=yes
ac_cv_func_gnutls_transport_set_pull_timeout_function=yes
ac_cv_func_kqueue=no
ac_cv_func_lrand48=yes
ac_cv_func_poll=yes
ac_cv_func_posix_spawn=yes
ac_cv_func_random=yes
ac_cv_func_removefile=no
ac_cv_func_setpgid=yes
ac_cv_func_sigaction=yes
ac_cv_func_snprintf=yes
ac_cv_func_statfs=yes
ac_cv_func_statvfs=yes
ac_cv_func_strdup=yes
ac_cv_func_strlcat=no
ac_cv_func_strlcpy=no
ac_cv_func_strtoll=yes
ac_cv_func_vsnprintf=yes
ac_cv_func_vsyslog=yes
ac_cv_func_wait3=yes
ac_cv_func_waitpid=yes
ac_cv_header_crypt_h=yes
ac_cv_header_dns_sd_h=no
ac_cv_header_iconv_h=yes
ac_cv_header_inttypes_h=yes
ac_cv_header_langinfo_h=yes
ac_cv_header_malloc_h=yes
ac_cv_header_pam_pam_appl_h=no
ac_cv_header_pthread_h=yes
ac_cv_header_resolv_h=yes
ac_cv_header_security_pam_appl_h=no
ac_cv_header_shadow_h=yes
ac_cv_header_stdint_h=yes
ac_cv_header_stdio_h=yes
ac_cv_header_stdlib_h=yes
ac_cv_header_string_h=yes
ac_cv_header_strings_h=yes
ac_cv_header_sys_ioctl_h=yes
ac_cv_header_sys_mount_h=yes
ac_cv_header_sys_param_h=yes
ac_cv_header_sys_sockio_h=no
ac_cv_header_sys_stat_h=yes
ac_cv_header_sys_statfs_h=yes
ac_cv_header_sys_statvfs_h=yes
ac_cv_header_sys_types_h=yes
ac_cv_header_sys_ucred_h=no
ac_cv_header_sys_vfs_h=yes
ac_cv_header_unistd_h=yes
ac_cv_header_zlib_h=yes
ac_cv_host=x86_64-unknown-linux-gnu
ac_cv_lib_dl_dlopen=yes
ac_cv_lib_pam_pam_set_item=no
ac_cv_lib_pam_pam_setcred=no
ac_cv_lib_pam_pam_start=no
ac_cv_lib_z_gzgets=yes
ac_cv_lib_z_inflateCopy=yes
ac_cv_member_struct_sockaddr_sa_len=no
ac_cv_objext=o
ac_cv_path_AR=/usr/bin/ar
ac_cv_path_CHMOD=/usr/bin/chmod
ac_cv_path_CODE_SIGN=/usr/bin/true
ac_cv_path_GZIPPROG=/usr/bin/gzip
ac_cv_path_LD=/usr/bin/ld
ac_cv_path_LN=/usr/bin/ln
ac_cv_path_MKDIR=/usr/bin/mkdir
ac_cv_path_MV=/usr/bin/mv
ac_cv_path_RM=/usr/bin/rm
ac_cv_path_RMDIR=/usr/bin/rmdir
ac_cv_path_SED=/usr/bin/sed
ac_cv_path_XDGOPEN=/usr/bin/xdg-open
ac_cv_path_ac_pt_PKGCONFIG=/usr/bin/pkg-config
ac_cv_prog_AWK=gawk
ac_cv_prog_CPP='gcc -E'
ac_cv_prog_ac_ct_CC=gcc
ac_cv_prog_ac_ct_CXX=g++
ac_cv_prog_ac_ct_RANLIB=ranlib
ac_cv_prog_cc_c11=
ac_cv_prog_cc_g=yes
ac_cv_prog_cc_stdc=
ac_cv_prog_cxx_11=no
ac_cv_prog_cxx_cxx11=
ac_cv_prog_cxx_g=yes
ac_cv_prog_cxx_stdcxx=
ac_cv_search___res_init='none required'
ac_cv_search_abs='none required'
ac_cv_search_acl_init=no
ac_cv_search_crypt=-lcrypt
ac_cv_search_fmod=-lm
ac_cv_search_getaddrinfo='none required'
ac_cv_search_gethostbyaddr='none required'
ac_cv_search_getifaddrs='none required'
ac_cv_search_getnameinfo='none required'
ac_cv_search_getspent='none required'
ac_cv_search_hstrerror='none required'
ac_cv_search_iconv_open='none required'
ac_cv_search_libiconv_open=no
ac_cv_search_rresvport_af='none required'
ac_cv_search_socket='none required'
ac_cv_sys_file_offset_bits=no
ac_cv_sys_largefile_CC=no

## ----------------- ##
## Output variables. ##
## ----------------- ##

APPARMORLIBS=''
AR='/usr/bin/ar'
ARCHFLAGS=''
ARFLAGS='crvs'
AWK='gawk'
BACKLIBS=''
BUILDDIRS='tools filter backend berkeley cgi-bin monitor notifier ppdc scheduler systemv conf data desktop locale man doc examples templates'
CC='gcc'
CFLAGS=' -I/usr/include/libusb-1.0 -D_FORTIFY_SOURCE=2'
CHMOD='/usr/bin/chmod'
CODE_SIGN='/usr/bin/true'
CPP='gcc -E'
CPPFLAGS=''
CUPS_ACCESS_LOG_LEVEL='none'
CUPS_API_VERSION='2.4'
CUPS_BROWSE_LOCAL_PROTOCOLS=''
CUPS_BROWSING='Yes'
CUPS_BUILD='cups-2.4.0'
CUPS_BUNDLEDIR=''
CUPS_CACHEDIR='/var/cache/cups'
CUPS_CONFIG_FILE_PERM='640'
CUPS_CUPSD_FILE_PERM='700'
CUPS_DATADIR='/usr/share/cups'
CUPS_DEFAULT_DOMAINSOCKET='/var/run/cups/cups.sock'
CUPS_DEFAULT_GSSSERVICENAME='host'
CUPS_DEFAULT_PRINTCAP='/etc/printcap'
CUPS_DEFAULT_PRINTOPERATOR_AUTH='@SYSTEM'
CUPS_DEFAULT_SHARED='Yes'
CUPS_DOCROOT='/usr/share/doc/cups'
CUPS_ERROR_POLICY='stop-printer'
CUPS_EXE_FILE_PERM='755'
CUPS_FATAL_ERRORS='config'
CUPS_GROUP='lp'
CUPS_HTMLVIEW='/usr/bin/xdg-open'
CUPS_LISTEN_DOMAINSOCKET='Listen /var/run/cups/cups.sock'
CUPS_LOCALEDIR='/usr/share/locale'
CUPS_LOGDIR='/var/log/cups'
CUPS_LOG_FILE_PERM='644'
CUPS_LOG_LEVEL='warn'
CUPS_MAX_COPIES='9999'
CUPS_MAX_LOG_SIZE='1m'
CUPS_PAGE_LOG_FORMAT='PageLogFormat'
CUPS_PKGCONFPATH='/usr/lib/pkgconfig'
CUPS_PRIMARY_SYSTEM_GROUP='lpadmin'
CUPS_REQUESTS='/var/spool/cups'
CUPS_RESOURCEDIR=''
CUPS_SERVERBIN='/usr/lib/cups'
CUPS_SERVERKEYCHAIN='ssl'
CUPS_SERVERROOT='/etc/cups'
CUPS_SNMP_ADDRESS='Address @LOCAL'
CUPS_SNMP_COMMUNITY='Community public'
CUPS_STATEDIR='/var/run/cups'
CUPS_SYNC_ON_CLOSE='No'
CUPS_SYSTEM_AUTHKEY=''
CUPS_SYSTEM_GROUPS='lpadmin sys root'
CUPS_USER='lp'
CUPS_VERSION='2.4.0'
CUPS_WEBIF='Yes'
CXX='g++'
CXXFLAGS=' -D_FORTIFY_SOURCE=2'
CXXLIBS=''
DBUSDIR=''
DBUS_NOTIFIER=''
DBUS_NOTIFIERLIBS=''
DEFAULT_IPP_PORT='631'
DEFAULT_RAW_PRINTING=''
DEFS='-DHAVE_CONFIG_H'
DNSSDLIBS=''
DNSSD_BACKEND=''
DSO='$(CC)'
DSOFLAGS=' -Wl,-soname,`basename $@` -shared'
DSOXX='$(CXX)'
ECHO_C=''
ECHO_N='-n'
ECHO_T=''
EXEEXT=''
EXIT_TIMEOUT='60'
EXPORT_LDFLAGS=''
EXPORT_TLSLIBS='-lgnutls'
EXTLINKCUPS='-lcups'
GZIPPROG='/usr/bin/gzip'
ICONDIR='/usr/share/icons'
INITDDIR=''
INITDIR='/etc'
INSTALL='/home/rishabh/openPrinting/cups/install-sh'
INSTALLSTATIC=''
INSTALLXPC=''
INSTALL_GZIP='-z'
INSTALL_LANGUAGES='install-languages'
INSTALL_STRIP='-s'
INSTALL_SYSV='install-sysv'
IPPALIASES='http https ipps'
IPPEVECOMMANDS='ippevepcl ippeveps'
IPPFIND_BIN=''
IPPFIND_MAN=''
KRB5CONFIG=''
LANGUAGES='ca cs da de en es fr it ja pt_BR ru zh_CN '
LARGEFILE='-D_LARGEFILE_SOURCE -D_LARGEFILE64_SOURCE'
LAUNCHD_DIR=''
LD='/usr/bin/ld'
LDARCHFLAGS=''
LDFLAGS=''
LD_CC='$(CC)'
LD_CXX='$(CXX)'
LIBCUPS='libcups.so.2'
LIBCUPSBASE='libcups'
LIBCUPSIMAGE='libcupsimage.so.2'
LIBCUPSOBJS='$(COREOBJS) $(DRIVEROBJS)'
LIBCUPSSTATIC='libcups.a'
LIBGNUTLSCONFIG=''
LIBGSSAPI=''
LIBHEADERS='$(COREHEADERS) $(DRIVERHEADERS)'
LIBHEADERSPRIV='$(COREHEADERSPRIV) $(DRIVERHEADERSPRIV)'
LIBMALLOC=''
LIBOBJS=''
LIBPAPER=''
LIBS='-lpthread -lm -lcrypt   -lz'
LIBTOOL=''
LIBTOOL_CC=''
LIBTOOL_CXX=''
LIBTOOL_INSTALL=''
LIBUSB='-lusb-1.0'
LIBWRAP=''
LIBZ='-lz'
LINKCUPS='-L../cups -lcups'
LN='/usr/bin/ln'
LOCALTARGET='local'
LTLIBOBJS=''
MENUDIR='/usr/share/applications'
MKDIR='/usr/bin/mkdir'
MV='/usr/bin/mv'
OBJEXT='o'
ONDEMANDFLAGS=''
ONDEMANDLIBS=''
OPTIM='-fPIC -Os -g -fstack-protector-strong -D_GNU_SOURCE'
PACKAGE_BUGREPORT='https://github.com/openprinting/cups/issues'
PACKAGE_NAME='CUPS'
PACKAGE_STRING='CUPS 2.4.0'
PACKAGE_TARNAME='cups'
PACKAGE_URL='https://openprinting.github.io/cups'
PACKAGE_VERSION='2.4.0'
PAMDIR=''
PAMFILE='pam.common'
PAMLIBS=''
PAMMOD='pam_unknown.so'
PAMMODAUTH='pam_unknown.so nodelay'
PATH_SEPARATOR=':'
PIEFLAGS='-fPIE -pie'
PKGCONFIG='/usr/bin/pkg-config'
PKGCONFIG_CFLAGS=''
PKGCONFIG_LIBS='-L/usr/lib64 -lcups'
PKGCONFIG_LIBS_STATIC=' -lz'
PKGCONFIG_REQUIRES=' gnutls'
PTHREAD_FLAGS='-D_THREAD_SAFE -D_REENTRANT'
RANLIB='ranlib'
RCLEVELS='2 3 5'
RCSTART='81'
RCSTOP='36'
RELROFLAGS=''
RM='/usr/bin/rm'
RMDIR='/usr/bin/rmdir'
SED='/usr/bin/sed'
SERVERLIBS=' '
SHELL='/bin/bash'
SMFMANIFESTDIR=''
SNAPDGLIBLIBS=''
SYSTEMD_DIR=''
SYSTEMD_WANTED_BY='printers.target multi-user.target'
TIMEOUTSTARTSEC=''
TLSFLAGS='-I/usr/include/p11-kit-1'
TLSLIBS='-lgnutls'
UNINSTALL_LANGUAGES='uninstall-languages'
UNITTESTS=''
USBQUIRKS='$(DATADIR)/usb'
WARNING_OPTIONS='-Wall -Wunused -Wno-char-subscripts -Wno-deprecated-declarations -Wno-format-truncation -Wno-format-y2k -Wno-switch -Wno-unused-result'
XDGOPEN='/usr/bin/xdg-open'
XINETD=''
ac_ct_CC='gcc'
ac_ct_CXX='g++'
bindir='/usr/bin'
build='x86_64-unknown-linux-gnu'
build_alias=''
build_cpu='x86_64'
build_os='linux-gnu'
build_vendor='unknown'
datadir='/usr/share'
datarootdir='/usr/share'
docdir='/usr/share/doc/cups'
dvidir='${docdir}'
exec_prefix='/usr'
host='x86_64-unknown-linux-gnu'
host_alias=''
host_cpu='x86_64'
host_os='linux-gnu'
host_vendor='unknown'
htmldir='${docdir}'
includedir='/usr/include'
infodir='${datarootdir}/info'
libdir='/usr/lib64'
libexecdir='${exec_prefix}/libexec'
localedir='${datarootdir}/locale'
localstatedir='/var'
mandir='/usr/share/man'
oldincludedir='/usr/include'
pdfdir='${docdir}'
prefix='/'
program_transform_name='s,x,x,'
psdir='${docdir}'
runstatedir='${localstatedir}/run'
sbindir='/usr/sbin'
sharedstatedir='${prefix}/com'
sysconfdir='/etc'
target_alias=''

## ----------- ##
## confdefs.h. ##
## ----------- ##

/* confdefs.h */
#define PACKAGE_NAME "CUPS"
#define PACKAGE_TARNAME "cups"
#define PACKAGE_VERSION "2.4.0"
#define PACKAGE_STRING "CUPS 2.4.0"
#define PACKAGE_BUGREPORT "https://github.com/openprinting/cups/issues"
#define PACKAGE_URL "https://openprinting.github.io/cups"
#define CUPS_SVERSION "CUPS v2.4.0"
#define CUPS_MINIMAL "CUPS/2.4.0"
#define HAVE_ABS 1
#define HAVE_STDIO_H 1
#define HAVE_STDLIB_H 1
#define HAVE_STRING_H 1
#define HAVE_INTTYPES_H 1
#define HAVE_STDINT_H 1
#define HAVE_STRINGS_H 1
#define HAVE_SYS_STAT_H 1
#define HAVE_SYS_TYPES_H 1
#define HAVE_UNISTD_H 1
#define STDC_HEADERS 1
#define HAVE_CRYPT_H 1
#define HAVE_LANGINFO_H 1
#define HAVE_MALLOC_H 1
#define HAVE_SHADOW_H 1
#define HAVE_STDINT_H 1
#define HAVE_SYS_IOCTL_H 1
#define HAVE_SYS_PARAM_H 1
#define HAVE_ICONV_H 1
#define HAVE_SYS_MOUNT_H 1
#define HAVE_SYS_STATFS_H 1
#define HAVE_SYS_STATVFS_H 1
#define HAVE_SYS_VFS_H 1
#define HAVE_STATFS 1
#define HAVE_STATVFS 1
#define HAVE_STRDUP 1
#define HAVE_SNPRINTF 1
#define HAVE_VSNPRINTF 1
#define HAVE_RANDOM 1
#define HAVE_LRAND48 1
#define HAVE_GETEUID 1
#define HAVE_SETPGID 1
#define HAVE_VSYSLOG 1
#define HAVE_SIGACTION 1
#define HAVE_WAITPID 1
#define HAVE_WAIT3 1
#define HAVE_POSIX_SPAWN 1
#define HAVE_GETGROUPLIST 1
#define HAVE_TM_GMTOFF 1
#define HAVE_LIBUSB 1
#define HAVE_LIBZ 1
#define HAVE_INFLATECOPY 1
#define CUPS_DEFAULT_PRINTOPERATOR_AUTH "@SYSTEM"
#define CUPS_DEFAULT_SYSTEM_AUTHKEY ""
#define CUPS_BINDIR "/usr/bin"
#define CUPS_SBINDIR "/usr/sbin"
#define CUPS_CACHEDIR "/var/cache/cups"
#define CUPS_DATADIR "/usr/share/cups"
#define CUPS_DOCROOT "/usr/share/doc/cups"
#define CUPS_LOCALEDIR "/usr/share/locale"
#define CUPS_PKGCONFPATH "/usr/lib/pkgconfig"
#define CUPS_LOGDIR "/var/log/cups"
#define CUPS_REQUESTS "/var/spool/cups"
#define CUPS_SERVERBIN "/usr/lib/cups"
#define CUPS_SERVERROOT "/etc/cups"
#define CUPS_STATEDIR "/var/run/cups"
#define HAVE_RESOLV_H 1
#define HAVE_GETIFADDRS 1
#define HAVE_HSTRERROR 1
#define HAVE_RRESVPORT_AF 1
#define HAVE_RES_INIT 1
#define HAVE_GETADDRINFO 1
#define HAVE_GETNAMEINFO 1
#define CUPS_DEFAULT_DOMAINSOCKET "/var/run/cups/cups.sock"
#define HAVE_POLL 1
#define HAVE_EPOLL 1
#define CUPS_DEFAULT_GSSSERVICENAME "host"
#define HAVE_PTHREAD_H 1
#define HAVE_TLS 1
#define HAVE_GNUTLS 1
#define HAVE_GNUTLS_TRANSPORT_SET_PULL_TIMEOUT_FUNCTION 1
#define HAVE_GNUTLS_PRIORITY_SET_DIRECT 1
#define HAVE_LIBDL 1
#define HAVE_LONG_LONG 1
#define HAVE_STRTOLL 1
#define CUPS_DEFAULT_CONFIG_FILE_PERM 0640
#define CUPS_DEFAULT_LOG_FILE_PERM 0644
#define CUPS_DEFAULT_MAX_LOG_SIZE "1m"
#define CUPS_DEFAULT_ERROR_POLICY "stop-printer"
#define CUPS_DEFAULT_FATAL_ERRORS "config"
#define CUPS_DEFAULT_LOG_LEVEL "warn"
#define CUPS_DEFAULT_ACCESS_LOG_LEVEL "none"
#define CUPS_DEFAULT_BROWSING 1
#define CUPS_DEFAULT_BROWSE_LOCAL_PROTOCOLS ""
#define CUPS_DEFAULT_DEFAULT_SHARED 1
#define CUPS_DEFAULT_USER "lp"
#define CUPS_DEFAULT_GROUP "lp"
#define CUPS_DEFAULT_SYSTEM_GROUPS "lpadmin sys root"
#define CUPS_DEFAULT_PRINTCAP "/etc/printcap"
#define CUPS_DEFAULT_MAX_COPIES 9999
#define CUPS_DEFAULT_IPP_PORT 631
#define CUPS_DEFAULT_WEBIF 1

configure: exit 0
